# JRE version: Java(TM) SE Runtime Environment (8.0_121-b13) (build 1.8.0_121-b13)
# Java VM: Java HotSpot(TM) 64-Bit Server VM (25.121-b13 mixed mode linux-amd64 compressed oops)
Heap:
 PSYoungGen      total 188928K, used 86915K [0x00000000d7780000, 0x00000000e4300000, 0x0000000100000000)
  eden space 174592K, 41% used [0x00000000d7780000,0x00000000dbe64ab8,0x00000000e2200000)
  from space 14336K, 99% used [0x00000000e3200000,0x00000000e3ffc218,0x00000000e4000000)
  to   space 16384K, 0% used [0x00000000e2200000,0x00000000e2200000,0x00000000e3200000)
 ParOldGen       total 95232K, used 22449K [0x0000000086600000, 0x000000008c300000, 0x00000000d7780000)
  object space 95232K, 23% used [0x0000000086600000,0x0000000087bec580,0x000000008c300000)
 Metaspace       used 48361K, capacity 49766K, committed 49880K, reserved 1091584K
  class space    used 6572K, capacity 6889K, committed 6912K, reserved 1048576K
GC Heap History (10 events):
Event: 7,267 GC heap before
{Heap before GC invocations=8 (full 1):
 PSYoungGen      total 102912K, used 102857K [0x00000000d7780000, 0x00000000e0180000, 0x0000000100000000)
  eden space 96768K, 100% used [0x00000000d7780000,0x00000000dd600000,0x00000000dd600000)
  from space 6144K, 99% used [0x00000000dfb80000,0x00000000e0172688,0x00000000e0180000)
  to   space 10240K, 0% used [0x00000000ded80000,0x00000000ded80000,0x00000000df780000)
 ParOldGen       total 57344K, used 8134K [0x0000000086600000, 0x0000000089e00000, 0x00000000d7780000)
  object space 57344K, 14% used [0x0000000086600000,0x0000000086df19e8,0x0000000089e00000)
 Metaspace       used 31502K, capacity 32012K, committed 32512K, reserved 1077248K
  class space    used 4329K, capacity 4485K, committed 4608K, reserved 1048576K
Event: 7,292 GC heap after
Heap after GC invocations=8 (full 1):
 PSYoungGen      total 131072K, used 9550K [0x00000000d7780000, 0x00000000e1c00000, 0x0000000100000000)
  eden space 120832K, 0% used [0x00000000d7780000,0x00000000d7780000,0x00000000ded80000)
  from space 10240K, 93% used [0x00000000ded80000,0x00000000df6d3860,0x00000000df780000)
  to   space 11264K, 0% used [0x00000000e1100000,0x00000000e1100000,0x00000000e1c00000)
 ParOldGen       total 57344K, used 8142K [0x0000000086600000, 0x0000000089e00000, 0x00000000d7780000)
  object space 57344K, 14% used [0x0000000086600000,0x0000000086df39e8,0x0000000089e00000)
 Metaspace       used 31502K, capacity 32012K, committed 32512K, reserved 1077248K
  class space    used 4329K, capacity 4485K, committed 4608K, reserved 1048576K
}
Event: 8,137 GC heap before
{Heap before GC invocations=9 (full 1):
 PSYoungGen      total 131072K, used 67317K [0x00000000d7780000, 0x00000000e1c00000, 0x0000000100000000)
  eden space 120832K, 47% used [0x00000000d7780000,0x00000000dafe9bc0,0x00000000ded80000)
  from space 10240K, 93% used [0x00000000ded80000,0x00000000df6d3860,0x00000000df780000)
  to   space 11264K, 0% used [0x00000000e1100000,0x00000000e1100000,0x00000000e1c00000)
 ParOldGen       total 57344K, used 8142K [0x0000000086600000, 0x0000000089e00000, 0x00000000d7780000)
  object space 57344K, 14% used [0x0000000086600000,0x0000000086df39e8,0x0000000089e00000)
 Metaspace       used 34604K, capacity 35184K, committed 35416K, reserved 1079296K
  class space    used 4745K, capacity 4937K, committed 4992K, reserved 1048576K
Event: 8,174 GC heap after
Heap after GC invocations=9 (full 1):
 PSYoungGen      total 155136K, used 11234K [0x00000000d7780000, 0x00000000e4800000, 0x0000000100000000)
  eden space 143872K, 0% used [0x00000000d7780000,0x00000000d7780000,0x00000000e0400000)
  from space 11264K, 99% used [0x00000000e1100000,0x00000000e1bf8a98,0x00000000e1c00000)
  to   space 13312K, 0% used [0x00000000e0400000,0x00000000e0400000,0x00000000e1100000)
 ParOldGen       total 57344K, used 10274K [0x0000000086600000, 0x0000000089e00000, 0x00000000d7780000)
  object space 57344K, 17% used [0x0000000086600000,0x0000000087008b10,0x0000000089e00000)
 Metaspace       used 34604K, capacity 35184K, committed 35416K, reserved 1079296K
  class space    used 4745K, capacity 4937K, committed 4992K, reserved 1048576K
}
Event: 8,174 GC heap before
{Heap before GC invocations=10 (full 2):
 PSYoungGen      total 155136K, used 11234K [0x00000000d7780000, 0x00000000e4800000, 0x0000000100000000)
  eden space 143872K, 0% used [0x00000000d7780000,0x00000000d7780000,0x00000000e0400000)
  from space 11264K, 99% used [0x00000000e1100000,0x00000000e1bf8a98,0x00000000e1c00000)
  to   space 13312K, 0% used [0x00000000e0400000,0x00000000e0400000,0x00000000e1100000)
 ParOldGen       total 57344K, used 10274K [0x0000000086600000, 0x0000000089e00000, 0x00000000d7780000)
  object space 57344K, 17% used [0x0000000086600000,0x0000000087008b10,0x0000000089e00000)
 Metaspace       used 34604K, capacity 35184K, committed 35416K, reserved 1079296K
  class space    used 4745K, capacity 4937K, committed 4992K, reserved 1048576K
Event: 8,426 GC heap after
Heap after GC invocations=10 (full 2):
 PSYoungGen      total 155136K, used 0K [0x00000000d7780000, 0x00000000e4800000, 0x0000000100000000)
  eden space 143872K, 0% used [0x00000000d7780000,0x00000000d7780000,0x00000000e0400000)
  from space 11264K, 0% used [0x00000000e1100000,0x00000000e1100000,0x00000000e1c00000)
  to   space 13312K, 0% used [0x00000000e0400000,0x00000000e0400000,0x00000000e1100000)
 ParOldGen       total 95232K, used 20612K [0x0000000086600000, 0x000000008c300000, 0x00000000d7780000)
  object space 95232K, 21% used [0x0000000086600000,0x0000000087a21218,0x000000008c300000)
 Metaspace       used 34604K, capacity 35184K, committed 35416K, reserved 1079296K
  class space    used 4745K, capacity 4937K, committed 4992K, reserved 1048576K
}
Event: 11,195 GC heap before
{Heap before GC invocations=11 (full 2):
 PSYoungGen      total 155136K, used 143872K [0x00000000d7780000, 0x00000000e4800000, 0x0000000100000000)
  eden space 143872K, 100% used [0x00000000d7780000,0x00000000e0400000,0x00000000e0400000)
  from space 11264K, 0% used [0x00000000e1100000,0x00000000e1100000,0x00000000e1c00000)
  to   space 13312K, 0% used [0x00000000e0400000,0x00000000e0400000,0x00000000e1100000)
 ParOldGen       total 95232K, used 20612K [0x0000000086600000, 0x000000008c300000, 0x00000000d7780000)
  object space 95232K, 21% used [0x0000000086600000,0x0000000087a21218,0x000000008c300000)
 Metaspace       used 43586K, capacity 44552K, committed 44632K, reserved 1087488K
  class space    used 5950K, capacity 6227K, committed 6272K, reserved 1048576K
Event: 11,218 GC heap after
Heap after GC invocations=11 (full 2):
 PSYoungGen      total 157184K, used 11437K [0x00000000d7780000, 0x00000000e4000000, 0x0000000100000000)
  eden space 143872K, 0% used [0x00000000d7780000,0x00000000d7780000,0x00000000e0400000)
  from space 13312K, 85% used [0x00000000e0400000,0x00000000e0f2b728,0x00000000e1100000)
  to   space 14336K, 0% used [0x00000000e3200000,0x00000000e3200000,0x00000000e4000000)
 ParOldGen       total 95232K, used 20620K [0x0000000086600000, 0x000000008c300000, 0x00000000d7780000)
  object space 95232K, 21% used [0x0000000086600000,0x0000000087a23218,0x000000008c300000)
 Metaspace       used 43586K, capacity 44552K, committed 44632K, reserved 1087488K
  class space    used 5950K, capacity 6227K, committed 6272K, reserved 1048576K
}
Event: 13,563 GC heap before
{Heap before GC invocations=12 (full 2):
 PSYoungGen      total 157184K, used 155309K [0x00000000d7780000, 0x00000000e4000000, 0x0000000100000000)
  eden space 143872K, 100% used [0x00000000d7780000,0x00000000e0400000,0x00000000e0400000)
  from space 13312K, 85% used [0x00000000e0400000,0x00000000e0f2b728,0x00000000e1100000)
  to   space 14336K, 0% used [0x00000000e3200000,0x00000000e3200000,0x00000000e4000000)
 ParOldGen       total 95232K, used 20620K [0x0000000086600000, 0x000000008c300000, 0x00000000d7780000)
  object space 95232K, 21% used [0x0000000086600000,0x0000000087a23218,0x000000008c300000)
 Metaspace       used 48055K, capacity 49352K, committed 49624K, reserved 1091584K
  class space    used 6556K, capacity 6869K, committed 6912K, reserved 1048576K
Event: 13,606 GC heap after
Heap after GC invocations=12 (full 2):
 PSYoungGen      total 188928K, used 14320K [0x00000000d7780000, 0x00000000e4300000, 0x0000000100000000)
  eden space 174592K, 0% used [0x00000000d7780000,0x00000000d7780000,0x00000000e2200000)
  from space 14336K, 99% used [0x00000000e3200000,0x00000000e3ffc218,0x00000000e4000000)
  to   space 16384K, 0% used [0x00000000e2200000,0x00000000e2200000,0x00000000e3200000)
 ParOldGen       total 95232K, used 22449K [0x0000000086600000, 0x000000008c300000, 0x00000000d7780000)
  object space 95232K, 23% used [0x0000000086600000,0x0000000087bec580,0x000000008c300000)
 Metaspace       used 48055K, capacity 49352K, committed 49624K, reserved 1091584K
  class space    used 6556K, capacity 6869K, committed 6912K, reserved 1048576K
}

