# JRE version: Java(TM) SE Runtime Environment (8.0_121-b13) (build 1.8.0_121-b13)
# Java VM: Java HotSpot(TM) 64-Bit Server VM (25.121-b13 mixed mode linux-amd64 compressed oops)
Heap:
 PSYoungGen      total 215040K, used 200704K [0x00000000d7780000, 0x00000000e5c00000, 0x0000000100000000)
  eden space 200704K, 100% used [0x00000000d7780000,0x00000000e3b80000,0x00000000e3b80000)
  from space 14336K, 0% used [0x00000000e4b80000,0x00000000e4b80000,0x00000000e5980000)
  to   space 16384K, 40% used [0x00000000e3b80000,0x00000000e4208208,0x00000000e4b80000)
 ParOldGen       total 91136K, used 22029K [0x0000000086600000, 0x000000008bf00000, 0x00000000d7780000)
  object space 91136K, 24% used [0x0000000086600000,0x0000000087b83688,0x000000008bf00000)
 Metaspace       used 45910K, capacity 47044K, committed 47320K, reserved 1089536K
  class space    used 6269K, capacity 6585K, committed 6656K, reserved 1048576K
GC Heap History (10 events):
Event: 2,815 GC heap after
Heap after GC invocations=4 (full 0):
 PSYoungGen      total 130048K, used 5092K [0x00000000d7780000, 0x00000000dfb80000, 0x0000000100000000)
  eden space 124928K, 0% used [0x00000000d7780000,0x00000000d7780000,0x00000000df180000)
  from space 5120K, 99% used [0x00000000df680000,0x00000000dfb79050,0x00000000dfb80000)
  to   space 5120K, 0% used [0x00000000df180000,0x00000000df180000,0x00000000df680000)
 ParOldGen       total 83456K, used 8870K [0x0000000086600000, 0x000000008b780000, 0x00000000d7780000)
  object space 83456K, 10% used [0x0000000086600000,0x0000000086ea9928,0x000000008b780000)
 Metaspace       used 20783K, capacity 21088K, committed 21248K, reserved 1067008K
  class space    used 2868K, capacity 2997K, committed 3072K, reserved 1048576K
}
Event: 2,815 GC heap before
{Heap before GC invocations=5 (full 1):
 PSYoungGen      total 130048K, used 5092K [0x00000000d7780000, 0x00000000dfb80000, 0x0000000100000000)
  eden space 124928K, 0% used [0x00000000d7780000,0x00000000d7780000,0x00000000df180000)
  from space 5120K, 99% used [0x00000000df680000,0x00000000dfb79050,0x00000000dfb80000)
  to   space 5120K, 0% used [0x00000000df180000,0x00000000df180000,0x00000000df680000)
 ParOldGen       total 83456K, used 8870K [0x0000000086600000, 0x000000008b780000, 0x00000000d7780000)
  object space 83456K, 10% used [0x0000000086600000,0x0000000086ea9928,0x000000008b780000)
 Metaspace       used 20783K, capacity 21088K, committed 21248K, reserved 1067008K
  class space    used 2868K, capacity 2997K, committed 3072K, reserved 1048576K
Event: 2,878 GC heap after
Heap after GC invocations=5 (full 1):
 PSYoungGen      total 130048K, used 0K [0x00000000d7780000, 0x00000000dfb80000, 0x0000000100000000)
  eden space 124928K, 0% used [0x00000000d7780000,0x00000000d7780000,0x00000000df180000)
  from space 5120K, 0% used [0x00000000df680000,0x00000000df680000,0x00000000dfb80000)
  to   space 5120K, 0% used [0x00000000df180000,0x00000000df180000,0x00000000df680000)
 ParOldGen       total 57344K, used 8138K [0x0000000086600000, 0x0000000089e00000, 0x00000000d7780000)
  object space 57344K, 14% used [0x0000000086600000,0x0000000086df28a8,0x0000000089e00000)
 Metaspace       used 20783K, capacity 21088K, committed 21248K, reserved 1067008K
  class space    used 2868K, capacity 2997K, committed 3072K, reserved 1048576K
}
Event: 5,545 GC heap before
{Heap before GC invocations=6 (full 1):
 PSYoungGen      total 130048K, used 124928K [0x00000000d7780000, 0x00000000dfb80000, 0x0000000100000000)
  eden space 124928K, 100% used [0x00000000d7780000,0x00000000df180000,0x00000000df180000)
  from space 5120K, 0% used [0x00000000df680000,0x00000000df680000,0x00000000dfb80000)
  to   space 5120K, 0% used [0x00000000df180000,0x00000000df180000,0x00000000df680000)
 ParOldGen       total 57344K, used 8138K [0x0000000086600000, 0x0000000089e00000, 0x00000000d7780000)
  object space 57344K, 14% used [0x0000000086600000,0x0000000086df28a8,0x0000000089e00000)
 Metaspace       used 30287K, capacity 30828K, committed 31104K, reserved 1075200K
  class space    used 4174K, capacity 4389K, committed 4480K, reserved 1048576K
Event: 5,581 GC heap after
Heap after GC invocations=6 (full 1):
 PSYoungGen      total 130048K, used 5111K [0x00000000d7780000, 0x00000000e5980000, 0x0000000100000000)
  eden space 124928K, 0% used [0x00000000d7780000,0x00000000d7780000,0x00000000df180000)
  from space 5120K, 99% used [0x00000000df180000,0x00000000df67dd38,0x00000000df680000)
  to   space 14336K, 0% used [0x00000000e4b80000,0x00000000e4b80000,0x00000000e5980000)
 ParOldGen       total 57344K, used 14531K [0x0000000086600000, 0x0000000089e00000, 0x00000000d7780000)
  object space 57344K, 25% used [0x0000000086600000,0x0000000087430dd8,0x0000000089e00000)
 Metaspace       used 30287K, capacity 30828K, committed 31104K, reserved 1075200K
  class space    used 4174K, capacity 4389K, committed 4480K, reserved 1048576K
}
Event: 7,095 GC heap before
{Heap before GC invocations=7 (full 1):
 PSYoungGen      total 130048K, used 101770K [0x00000000d7780000, 0x00000000e5980000, 0x0000000100000000)
  eden space 124928K, 77% used [0x00000000d7780000,0x00000000dd5e4c20,0x00000000df180000)
  from space 5120K, 99% used [0x00000000df180000,0x00000000df67dd38,0x00000000df680000)
  to   space 14336K, 0% used [0x00000000e4b80000,0x00000000e4b80000,0x00000000e5980000)
 ParOldGen       total 57344K, used 14531K [0x0000000086600000, 0x0000000089e00000, 0x00000000d7780000)
  object space 57344K, 25% used [0x0000000086600000,0x0000000087430dd8,0x0000000089e00000)
 Metaspace       used 34586K, capacity 35184K, committed 35416K, reserved 1079296K
  class space    used 4745K, capacity 4937K, committed 4992K, reserved 1048576K
Event: 7,138 GC heap after
Heap after GC invocations=7 (full 1):
 PSYoungGen      total 215040K, used 14022K [0x00000000d7780000, 0x00000000e5c00000, 0x0000000100000000)
  eden space 200704K, 0% used [0x00000000d7780000,0x00000000d7780000,0x00000000e3b80000)
  from space 14336K, 97% used [0x00000000e4b80000,0x00000000e5931808,0x00000000e5980000)
  to   space 16384K, 0% used [0x00000000e3b80000,0x00000000e3b80000,0x00000000e4b80000)
 ParOldGen       total 57344K, used 14539K [0x0000000086600000, 0x0000000089e00000, 0x00000000d7780000)
  object space 57344K, 25% used [0x0000000086600000,0x0000000087432dd8,0x0000000089e00000)
 Metaspace       used 34586K, capacity 35184K, committed 35416K, reserved 1079296K
  class space    used 4745K, capacity 4937K, committed 4992K, reserved 1048576K
}
Event: 7,138 GC heap before
{Heap before GC invocations=8 (full 2):
 PSYoungGen      total 215040K, used 14022K [0x00000000d7780000, 0x00000000e5c00000, 0x0000000100000000)
  eden space 200704K, 0% used [0x00000000d7780000,0x00000000d7780000,0x00000000e3b80000)
  from space 14336K, 97% used [0x00000000e4b80000,0x00000000e5931808,0x00000000e5980000)
  to   space 16384K, 0% used [0x00000000e3b80000,0x00000000e3b80000,0x00000000e4b80000)
 ParOldGen       total 57344K, used 14539K [0x0000000086600000, 0x0000000089e00000, 0x00000000d7780000)
  object space 57344K, 25% used [0x0000000086600000,0x0000000087432dd8,0x0000000089e00000)
 Metaspace       used 34586K, capacity 35184K, committed 35416K, reserved 1079296K
  class space    used 4745K, capacity 4937K, committed 4992K, reserved 1048576K
Event: 7,266 GC heap after
Heap after GC invocations=8 (full 2):
 PSYoungGen      total 215040K, used 0K [0x00000000d7780000, 0x00000000e5c00000, 0x0000000100000000)
  eden space 200704K, 0% used [0x00000000d7780000,0x00000000d7780000,0x00000000e3b80000)
  from space 14336K, 0% used [0x00000000e4b80000,0x00000000e4b80000,0x00000000e5980000)
  to   space 16384K, 0% used [0x00000000e3b80000,0x00000000e3b80000,0x00000000e4b80000)
 ParOldGen       total 91136K, used 22021K [0x0000000086600000, 0x000000008bf00000, 0x00000000d7780000)
  object space 91136K, 24% used [0x0000000086600000,0x0000000087b81688,0x000000008bf00000)
 Metaspace       used 34586K, capacity 35184K, committed 35416K, reserved 1079296K
  class space    used 4745K, capacity 4937K, committed 4992K, reserved 1048576K
}
Event: 10,551 GC heap before
{Heap before GC invocations=9 (full 2):
 PSYoungGen      total 215040K, used 200704K [0x00000000d7780000, 0x00000000e5c00000, 0x0000000100000000)
  eden space 200704K, 100% used [0x00000000d7780000,0x00000000e3b80000,0x00000000e3b80000)
  from space 14336K, 0% used [0x00000000e4b80000,0x00000000e4b80000,0x00000000e5980000)
  to   space 16384K, 0% used [0x00000000e3b80000,0x00000000e3b80000,0x00000000e4b80000)
 ParOldGen       total 91136K, used 22021K [0x0000000086600000, 0x000000008bf00000, 0x00000000d7780000)
  object space 91136K, 24% used [0x0000000086600000,0x0000000087b81688,0x000000008bf00000)
 Metaspace       used 45910K, capacity 47044K, committed 47320K, reserved 1089536K
  class space    used 6269K, capacity 6585K, committed 6656K, reserved 1048576K

