# JRE version: Java(TM) SE Runtime Environment (8.0_121-b13) (build 1.8.0_121-b13)
# Java VM: Java HotSpot(TM) 64-Bit Server VM (25.121-b13 mixed mode linux-amd64 compressed oops)
Heap:
 PSYoungGen      total 314880K, used 30258K [0x00000000d7780000, 0x00000000ec480000, 0x0000000100000000)
  eden space 296448K, 3% used [0x00000000d7780000,0x00000000d8314738,0x00000000e9900000)
  from space 18432K, 99% used [0x00000000eb280000,0x00000000ec478208,0x00000000ec480000)
  to   space 22016K, 0% used [0x00000000e9980000,0x00000000e9980000,0x00000000eaf00000)
 ParOldGen       total 101376K, used 24816K [0x0000000086600000, 0x000000008c900000, 0x00000000d7780000)
  object space 101376K, 24% used [0x0000000086600000,0x0000000087e3c2e8,0x000000008c900000)
 Metaspace       used 48546K, capacity 50022K, committed 50136K, reserved 1093632K
  class space    used 6585K, capacity 6906K, committed 6912K, reserved 1048576K
GC Heap History (10 events):
Event: 7,035 GC heap before
{Heap before GC invocations=6 (full 1):
 PSYoungGen      total 130048K, used 124928K [0x00000000d7780000, 0x00000000dfb80000, 0x0000000100000000)
  eden space 124928K, 100% used [0x00000000d7780000,0x00000000df180000,0x00000000df180000)
  from space 5120K, 0% used [0x00000000df680000,0x00000000df680000,0x00000000dfb80000)
  to   space 5120K, 0% used [0x00000000df180000,0x00000000df180000,0x00000000df680000)
 ParOldGen       total 60928K, used 8232K [0x0000000086600000, 0x000000008a180000, 0x00000000d7780000)
  object space 60928K, 13% used [0x0000000086600000,0x0000000086e0a308,0x000000008a180000)
 Metaspace       used 30476K, capacity 31052K, committed 31360K, reserved 1077248K
  class space    used 4225K, capacity 4421K, committed 4480K, reserved 1048576K
Event: 7,062 GC heap after
Heap after GC invocations=6 (full 1):
 PSYoungGen      total 130048K, used 5097K [0x00000000d7780000, 0x00000000e4b80000, 0x0000000100000000)
  eden space 124928K, 0% used [0x00000000d7780000,0x00000000d7780000,0x00000000df180000)
  from space 5120K, 99% used [0x00000000df180000,0x00000000df67a4f8,0x00000000df680000)
  to   space 14336K, 0% used [0x00000000e3d80000,0x00000000e3d80000,0x00000000e4b80000)
 ParOldGen       total 60928K, used 14904K [0x0000000086600000, 0x000000008a180000, 0x00000000d7780000)
  object space 60928K, 24% used [0x0000000086600000,0x000000008748e388,0x000000008a180000)
 Metaspace       used 30476K, capacity 31052K, committed 31360K, reserved 1077248K
  class space    used 4225K, capacity 4421K, committed 4480K, reserved 1048576K
}
Event: 9,361 GC heap before
{Heap before GC invocations=7 (full 1):
 PSYoungGen      total 130048K, used 104332K [0x00000000d7780000, 0x00000000e4b80000, 0x0000000100000000)
  eden space 124928K, 79% used [0x00000000d7780000,0x00000000dd868bd0,0x00000000df180000)
  from space 5120K, 99% used [0x00000000df180000,0x00000000df67a4f8,0x00000000df680000)
  to   space 14336K, 0% used [0x00000000e3d80000,0x00000000e3d80000,0x00000000e4b80000)
 ParOldGen       total 60928K, used 14904K [0x0000000086600000, 0x000000008a180000, 0x00000000d7780000)
  object space 60928K, 24% used [0x0000000086600000,0x000000008748e388,0x000000008a180000)
 Metaspace       used 34652K, capacity 35216K, committed 35416K, reserved 1079296K
  class space    used 4758K, capacity 4969K, committed 4992K, reserved 1048576K
Event: 9,400 GC heap after
Heap after GC invocations=7 (full 1):
 PSYoungGen      total 200192K, used 14328K [0x00000000d7780000, 0x00000000e4e00000, 0x0000000100000000)
  eden space 185856K, 0% used [0x00000000d7780000,0x00000000d7780000,0x00000000e2d00000)
  from space 14336K, 99% used [0x00000000e3d80000,0x00000000e4b7e358,0x00000000e4b80000)
  to   space 16896K, 0% used [0x00000000e2d00000,0x00000000e2d00000,0x00000000e3d80000)
 ParOldGen       total 60928K, used 15074K [0x0000000086600000, 0x000000008a180000, 0x00000000d7780000)
  object space 60928K, 24% used [0x0000000086600000,0x00000000874b89e0,0x000000008a180000)
 Metaspace       used 34652K, capacity 35216K, committed 35416K, reserved 1079296K
  class space    used 4758K, capacity 4969K, committed 4992K, reserved 1048576K
}
Event: 9,400 GC heap before
{Heap before GC invocations=8 (full 2):
 PSYoungGen      total 200192K, used 14328K [0x00000000d7780000, 0x00000000e4e00000, 0x0000000100000000)
  eden space 185856K, 0% used [0x00000000d7780000,0x00000000d7780000,0x00000000e2d00000)
  from space 14336K, 99% used [0x00000000e3d80000,0x00000000e4b7e358,0x00000000e4b80000)
  to   space 16896K, 0% used [0x00000000e2d00000,0x00000000e2d00000,0x00000000e3d80000)
 ParOldGen       total 60928K, used 15074K [0x0000000086600000, 0x000000008a180000, 0x00000000d7780000)
  object space 60928K, 24% used [0x0000000086600000,0x00000000874b89e0,0x000000008a180000)
 Metaspace       used 34652K, capacity 35216K, committed 35416K, reserved 1079296K
  class space    used 4758K, capacity 4969K, committed 4992K, reserved 1048576K
Event: 9,546 GC heap after
Heap after GC invocations=8 (full 2):
 PSYoungGen      total 200192K, used 0K [0x00000000d7780000, 0x00000000e4e00000, 0x0000000100000000)
  eden space 185856K, 0% used [0x00000000d7780000,0x00000000d7780000,0x00000000e2d00000)
  from space 14336K, 0% used [0x00000000e3d80000,0x00000000e3d80000,0x00000000e4b80000)
  to   space 16896K, 0% used [0x00000000e2d00000,0x00000000e2d00000,0x00000000e3d80000)
 ParOldGen       total 101376K, used 22595K [0x0000000086600000, 0x000000008c900000, 0x00000000d7780000)
  object space 101376K, 22% used [0x0000000086600000,0x0000000087c10f98,0x000000008c900000)
 Metaspace       used 34652K, capacity 35216K, committed 35416K, reserved 1079296K
  class space    used 4758K, capacity 4969K, committed 4992K, reserved 1048576K
}
Event: 14,264 GC heap before
{Heap before GC invocations=9 (full 2):
 PSYoungGen      total 200192K, used 185856K [0x00000000d7780000, 0x00000000e4e00000, 0x0000000100000000)
  eden space 185856K, 100% used [0x00000000d7780000,0x00000000e2d00000,0x00000000e2d00000)
  from space 14336K, 0% used [0x00000000e3d80000,0x00000000e3d80000,0x00000000e4b80000)
  to   space 16896K, 0% used [0x00000000e2d00000,0x00000000e2d00000,0x00000000e3d80000)
 ParOldGen       total 101376K, used 22595K [0x0000000086600000, 0x000000008c900000, 0x00000000d7780000)
  object space 101376K, 22% used [0x0000000086600000,0x0000000087c10f98,0x000000008c900000)
 Metaspace       used 45950K, capacity 47106K, committed 47320K, reserved 1089536K
  class space    used 6269K, capacity 6584K, committed 6656K, reserved 1048576K
Event: 14,813 GC heap after
Heap after GC invocations=9 (full 2):
 PSYoungGen      total 202752K, used 14310K [0x00000000d7780000, 0x00000000ec480000, 0x0000000100000000)
  eden space 185856K, 0% used [0x00000000d7780000,0x00000000d7780000,0x00000000e2d00000)
  from space 16896K, 84% used [0x00000000e2d00000,0x00000000e3af9800,0x00000000e3d80000)
  to   space 18432K, 0% used [0x00000000eb280000,0x00000000eb280000,0x00000000ec480000)
 ParOldGen       total 101376K, used 22603K [0x0000000086600000, 0x000000008c900000, 0x00000000d7780000)
  object space 101376K, 22% used [0x0000000086600000,0x0000000087c12f98,0x000000008c900000)
 Metaspace       used 45950K, capacity 47106K, committed 47320K, reserved 1089536K
  class space    used 6269K, capacity 6584K, committed 6656K, reserved 1048576K
}
Event: 18,352 GC heap before
{Heap before GC invocations=10 (full 2):
 PSYoungGen      total 202752K, used 200166K [0x00000000d7780000, 0x00000000ec480000, 0x0000000100000000)
  eden space 185856K, 100% used [0x00000000d7780000,0x00000000e2d00000,0x00000000e2d00000)
  from space 16896K, 84% used [0x00000000e2d00000,0x00000000e3af9800,0x00000000e3d80000)
  to   space 18432K, 0% used [0x00000000eb280000,0x00000000eb280000,0x00000000ec480000)
 ParOldGen       total 101376K, used 22603K [0x0000000086600000, 0x000000008c900000, 0x00000000d7780000)
  object space 101376K, 22% used [0x0000000086600000,0x0000000087c12f98,0x000000008c900000)
 Metaspace       used 48496K, capacity 49928K, committed 50136K, reserved 1093632K
  class space    used 6578K, capacity 6897K, committed 6912K, reserved 1048576K
Event: 18,411 GC heap after
Heap after GC invocations=10 (full 2):
 PSYoungGen      total 314880K, used 18400K [0x00000000d7780000, 0x00000000ec480000, 0x0000000100000000)
  eden space 296448K, 0% used [0x00000000d7780000,0x00000000d7780000,0x00000000e9900000)
  from space 18432K, 99% used [0x00000000eb280000,0x00000000ec478208,0x00000000ec480000)
  to   space 22016K, 0% used [0x00000000e9980000,0x00000000e9980000,0x00000000eaf00000)
 ParOldGen       total 101376K, used 24816K [0x0000000086600000, 0x000000008c900000, 0x00000000d7780000)
  object space 101376K, 24% used [0x0000000086600000,0x0000000087e3c2e8,0x000000008c900000)
 Metaspace       used 48496K, capacity 49928K, committed 50136K, reserved 1093632K
  class space    used 6578K, capacity 6897K, committed 6912K, reserved 1048576K
}

