# JRE version: Java(TM) SE Runtime Environment (8.0_121-b13) (build 1.8.0_121-b13)
# Java VM: Java HotSpot(TM) 64-Bit Server VM (25.121-b13 mixed mode linux-amd64 compressed oops)
Heap:
 PSYoungGen      total 123904K, used 93177K [0x00000000d7780000, 0x00000000e0880000, 0x0000000100000000)
  eden space 110592K, 84% used [0x00000000d7780000,0x00000000dd27e688,0x00000000de380000)
  from space 13312K, 0% used [0x00000000df000000,0x00000000df000000,0x00000000dfd00000)
  to   space 12800K, 0% used [0x00000000de380000,0x00000000de380000,0x00000000df000000)
 ParOldGen       total 70656K, used 19403K [0x0000000086600000, 0x000000008ab00000, 0x00000000d7780000)
  object space 70656K, 27% used [0x0000000086600000,0x00000000878f2d60,0x000000008ab00000)
 Metaspace       used 42002K, capacity 42804K, committed 43096K, reserved 1087488K
  class space    used 5705K, capacity 5928K, committed 6016K, reserved 1048576K
GC Heap History (10 events):
Event: 13,238 GC heap before
{Heap before GC invocations=8 (full 1):
 PSYoungGen      total 53760K, used 53629K [0x00000000d7780000, 0x00000000dc200000, 0x0000000100000000)
  eden space 50176K, 100% used [0x00000000d7780000,0x00000000da880000,0x00000000da880000)
  from space 3584K, 96% used [0x00000000dbe80000,0x00000000dc1df710,0x00000000dc200000)
  to   space 10752K, 0% used [0x00000000dad00000,0x00000000dad00000,0x00000000db780000)
 ParOldGen       total 55296K, used 8020K [0x0000000086600000, 0x0000000089c00000, 0x00000000d7780000)
  object space 55296K, 14% used [0x0000000086600000,0x0000000086dd50b8,0x0000000089c00000)
 Metaspace       used 26815K, capacity 27230K, committed 27520K, reserved 1073152K
  class space    used 3726K, capacity 3867K, committed 3968K, reserved 1048576K
Event: 13,247 GC heap after
Heap after GC invocations=8 (full 1):
 PSYoungGen      total 65536K, used 4830K [0x00000000d7780000, 0x00000000dd800000, 0x0000000100000000)
  eden space 54784K, 0% used [0x00000000d7780000,0x00000000d7780000,0x00000000dad00000)
  from space 10752K, 44% used [0x00000000dad00000,0x00000000db1b7840,0x00000000db780000)
  to   space 10240K, 0% used [0x00000000dce00000,0x00000000dce00000,0x00000000dd800000)
 ParOldGen       total 55296K, used 8028K [0x0000000086600000, 0x0000000089c00000, 0x00000000d7780000)
  object space 55296K, 14% used [0x0000000086600000,0x0000000086dd70b8,0x0000000089c00000)
 Metaspace       used 26815K, capacity 27230K, committed 27520K, reserved 1073152K
  class space    used 3726K, capacity 3867K, committed 3968K, reserved 1048576K
}
Event: 16,220 GC heap before
{Heap before GC invocations=9 (full 1):
 PSYoungGen      total 65536K, used 59614K [0x00000000d7780000, 0x00000000dd800000, 0x0000000100000000)
  eden space 54784K, 100% used [0x00000000d7780000,0x00000000dad00000,0x00000000dad00000)
  from space 10752K, 44% used [0x00000000dad00000,0x00000000db1b7840,0x00000000db780000)
  to   space 10240K, 0% used [0x00000000dce00000,0x00000000dce00000,0x00000000dd800000)
 ParOldGen       total 55296K, used 8028K [0x0000000086600000, 0x0000000089c00000, 0x00000000d7780000)
  object space 55296K, 14% used [0x0000000086600000,0x0000000086dd70b8,0x0000000089c00000)
 Metaspace       used 31147K, capacity 31626K, committed 32000K, reserved 1077248K
  class space    used 4281K, capacity 4484K, committed 4608K, reserved 1048576K
Event: 16,240 GC heap after
Heap after GC invocations=9 (full 1):
 PSYoungGen      total 88064K, used 8427K [0x00000000d7780000, 0x00000000dde80000, 0x0000000100000000)
  eden space 77824K, 0% used [0x00000000d7780000,0x00000000d7780000,0x00000000dc380000)
  from space 10240K, 82% used [0x00000000dce00000,0x00000000dd63ae40,0x00000000dd800000)
  to   space 10752K, 0% used [0x00000000dc380000,0x00000000dc380000,0x00000000dce00000)
 ParOldGen       total 55296K, used 8036K [0x0000000086600000, 0x0000000089c00000, 0x00000000d7780000)
  object space 55296K, 14% used [0x0000000086600000,0x0000000086dd90b8,0x0000000089c00000)
 Metaspace       used 31147K, capacity 31626K, committed 32000K, reserved 1077248K
  class space    used 4281K, capacity 4484K, committed 4608K, reserved 1048576K
}
Event: 17,550 GC heap before
{Heap before GC invocations=10 (full 1):
 PSYoungGen      total 88064K, used 86251K [0x00000000d7780000, 0x00000000dde80000, 0x0000000100000000)
  eden space 77824K, 100% used [0x00000000d7780000,0x00000000dc380000,0x00000000dc380000)
  from space 10240K, 82% used [0x00000000dce00000,0x00000000dd63ae40,0x00000000dd800000)
  to   space 10752K, 0% used [0x00000000dc380000,0x00000000dc380000,0x00000000dce00000)
 ParOldGen       total 55296K, used 8036K [0x0000000086600000, 0x0000000089c00000, 0x00000000d7780000)
  object space 55296K, 14% used [0x0000000086600000,0x0000000086dd90b8,0x0000000089c00000)
 Metaspace       used 34599K, capacity 35176K, committed 35416K, reserved 1079296K
  class space    used 4738K, capacity 4935K, committed 4992K, reserved 1048576K
Event: 17,619 GC heap after
Heap after GC invocations=10 (full 1):
 PSYoungGen      total 88576K, used 10722K [0x00000000d7780000, 0x00000000dfd00000, 0x0000000100000000)
  eden space 77824K, 0% used [0x00000000d7780000,0x00000000d7780000,0x00000000dc380000)
  from space 10752K, 99% used [0x00000000dc380000,0x00000000dcdf8a98,0x00000000dce00000)
  to   space 13312K, 0% used [0x00000000df000000,0x00000000df000000,0x00000000dfd00000)
 ParOldGen       total 55296K, used 11194K [0x0000000086600000, 0x0000000089c00000, 0x00000000d7780000)
  object space 55296K, 20% used [0x0000000086600000,0x00000000870ee980,0x0000000089c00000)
 Metaspace       used 34599K, capacity 35176K, committed 35416K, reserved 1079296K
  class space    used 4738K, capacity 4935K, committed 4992K, reserved 1048576K
}
Event: 17,638 GC heap before
{Heap before GC invocations=11 (full 1):
 PSYoungGen      total 88576K, used 12272K [0x00000000d7780000, 0x00000000dfd00000, 0x0000000100000000)
  eden space 77824K, 1% used [0x00000000d7780000,0x00000000d79037c8,0x00000000dc380000)
  from space 10752K, 99% used [0x00000000dc380000,0x00000000dcdf8a98,0x00000000dce00000)
  to   space 13312K, 0% used [0x00000000df000000,0x00000000df000000,0x00000000dfd00000)
 ParOldGen       total 55296K, used 11194K [0x0000000086600000, 0x0000000089c00000, 0x00000000d7780000)
  object space 55296K, 20% used [0x0000000086600000,0x00000000870ee980,0x0000000089c00000)
 Metaspace       used 34653K, capacity 35208K, committed 35416K, reserved 1079296K
  class space    used 4747K, capacity 4967K, committed 4992K, reserved 1048576K
Event: 17,669 GC heap after
Heap after GC invocations=11 (full 1):
 PSYoungGen      total 123904K, used 7122K [0x00000000d7780000, 0x00000000e0880000, 0x0000000100000000)
  eden space 110592K, 0% used [0x00000000d7780000,0x00000000d7780000,0x00000000de380000)
  from space 13312K, 53% used [0x00000000df000000,0x00000000df6f4a98,0x00000000dfd00000)
  to   space 12800K, 0% used [0x00000000de380000,0x00000000de380000,0x00000000df000000)
 ParOldGen       total 55296K, used 14929K [0x0000000086600000, 0x0000000089c00000, 0x00000000d7780000)
  object space 55296K, 26% used [0x0000000086600000,0x00000000874944c8,0x0000000089c00000)
 Metaspace       used 34653K, capacity 35208K, committed 35416K, reserved 1079296K
  class space    used 4747K, capacity 4967K, committed 4992K, reserved 1048576K
}
Event: 17,669 GC heap before
{Heap before GC invocations=12 (full 2):
 PSYoungGen      total 123904K, used 7122K [0x00000000d7780000, 0x00000000e0880000, 0x0000000100000000)
  eden space 110592K, 0% used [0x00000000d7780000,0x00000000d7780000,0x00000000de380000)
  from space 13312K, 53% used [0x00000000df000000,0x00000000df6f4a98,0x00000000dfd00000)
  to   space 12800K, 0% used [0x00000000de380000,0x00000000de380000,0x00000000df000000)
 ParOldGen       total 55296K, used 14929K [0x0000000086600000, 0x0000000089c00000, 0x00000000d7780000)
  object space 55296K, 26% used [0x0000000086600000,0x00000000874944c8,0x0000000089c00000)
 Metaspace       used 34653K, capacity 35208K, committed 35416K, reserved 1079296K
  class space    used 4747K, capacity 4967K, committed 4992K, reserved 1048576K
Event: 17,856 GC heap after
Heap after GC invocations=12 (full 2):
 PSYoungGen      total 123904K, used 0K [0x00000000d7780000, 0x00000000e0880000, 0x0000000100000000)
  eden space 110592K, 0% used [0x00000000d7780000,0x00000000d7780000,0x00000000de380000)
  from space 13312K, 0% used [0x00000000df000000,0x00000000df000000,0x00000000dfd00000)
  to   space 12800K, 0% used [0x00000000de380000,0x00000000de380000,0x00000000df000000)
 ParOldGen       total 70656K, used 19403K [0x0000000086600000, 0x000000008ab00000, 0x00000000d7780000)
  object space 70656K, 27% used [0x0000000086600000,0x00000000878f2d60,0x000000008ab00000)
 Metaspace       used 34653K, capacity 35208K, committed 35416K, reserved 1079296K
  class space    used 4747K, capacity 4967K, committed 4992K, reserved 1048576K
}

