# JRE version: Java(TM) SE Runtime Environment (8.0_121-b13) (build 1.8.0_121-b13)
# Java VM: Java HotSpot(TM) 64-Bit Server VM (25.121-b13 mixed mode linux-amd64 compressed oops)
Heap:
 PSYoungGen      total 201216K, used 54774K [0x00000000d7780000, 0x00000000eb000000, 0x0000000100000000)
  eden space 184320K, 21% used [0x00000000d7780000,0x00000000d9efb398,0x00000000e2b80000)
  from space 16896K, 84% used [0x00000000e2b80000,0x00000000e3982690,0x00000000e3c00000)
  to   space 18432K, 0% used [0x00000000e9e00000,0x00000000e9e00000,0x00000000eb000000)
 ParOldGen       total 101376K, used 22179K [0x0000000086600000, 0x000000008c900000, 0x00000000d7780000)
  object space 101376K, 21% used [0x0000000086600000,0x0000000087ba8e70,0x000000008c900000)
 Metaspace       used 47342K, capacity 48586K, committed 48856K, reserved 1091584K
  class space    used 6499K, capacity 6793K, committed 6912K, reserved 1048576K
GC Heap History (10 events):
Event: 3,179 GC heap before
{Heap before GC invocations=5 (full 1):
 PSYoungGen      total 130048K, used 5108K [0x00000000d7780000, 0x00000000dfb80000, 0x0000000100000000)
  eden space 124928K, 0% used [0x00000000d7780000,0x00000000d7780000,0x00000000df180000)
  from space 5120K, 99% used [0x00000000df680000,0x00000000dfb7d040,0x00000000dfb80000)
  to   space 5120K, 0% used [0x00000000df180000,0x00000000df180000,0x00000000df680000)
 ParOldGen       total 83456K, used 8781K [0x0000000086600000, 0x000000008b780000, 0x00000000d7780000)
  object space 83456K, 10% used [0x0000000086600000,0x0000000086e93478,0x000000008b780000)
 Metaspace       used 20792K, capacity 21088K, committed 21248K, reserved 1067008K
  class space    used 2871K, capacity 2997K, committed 3072K, reserved 1048576K
Event: 3,266 GC heap after
Heap after GC invocations=5 (full 1):
 PSYoungGen      total 130048K, used 0K [0x00000000d7780000, 0x00000000dfb80000, 0x0000000100000000)
  eden space 124928K, 0% used [0x00000000d7780000,0x00000000d7780000,0x00000000df180000)
  from space 5120K, 0% used [0x00000000df680000,0x00000000df680000,0x00000000dfb80000)
  to   space 5120K, 0% used [0x00000000df180000,0x00000000df180000,0x00000000df680000)
 ParOldGen       total 60928K, used 8141K [0x0000000086600000, 0x000000008a180000, 0x00000000d7780000)
  object space 60928K, 13% used [0x0000000086600000,0x0000000086df34b8,0x000000008a180000)
 Metaspace       used 20792K, capacity 21088K, committed 21248K, reserved 1067008K
  class space    used 2871K, capacity 2997K, committed 3072K, reserved 1048576K
}
Event: 5,984 GC heap before
{Heap before GC invocations=6 (full 1):
 PSYoungGen      total 130048K, used 124928K [0x00000000d7780000, 0x00000000dfb80000, 0x0000000100000000)
  eden space 124928K, 100% used [0x00000000d7780000,0x00000000df180000,0x00000000df180000)
  from space 5120K, 0% used [0x00000000df680000,0x00000000df680000,0x00000000dfb80000)
  to   space 5120K, 0% used [0x00000000df180000,0x00000000df180000,0x00000000df680000)
 ParOldGen       total 60928K, used 8141K [0x0000000086600000, 0x000000008a180000, 0x00000000d7780000)
  object space 60928K, 13% used [0x0000000086600000,0x0000000086df34b8,0x000000008a180000)
 Metaspace       used 30564K, capacity 31110K, committed 31360K, reserved 1077248K
  class space    used 4233K, capacity 4420K, committed 4480K, reserved 1048576K
Event: 6,006 GC heap after
Heap after GC invocations=6 (full 1):
 PSYoungGen      total 130048K, used 5091K [0x00000000d7780000, 0x00000000e4a00000, 0x0000000100000000)
  eden space 124928K, 0% used [0x00000000d7780000,0x00000000d7780000,0x00000000df180000)
  from space 5120K, 99% used [0x00000000df180000,0x00000000df678fd0,0x00000000df680000)
  to   space 14336K, 0% used [0x00000000e3c00000,0x00000000e3c00000,0x00000000e4a00000)
 ParOldGen       total 60928K, used 14794K [0x0000000086600000, 0x000000008a180000, 0x00000000d7780000)
  object space 60928K, 24% used [0x0000000086600000,0x0000000087472848,0x000000008a180000)
 Metaspace       used 30564K, capacity 31110K, committed 31360K, reserved 1077248K
  class space    used 4233K, capacity 4420K, committed 4480K, reserved 1048576K
}
Event: 7,564 GC heap before
{Heap before GC invocations=7 (full 1):
 PSYoungGen      total 130048K, used 99316K [0x00000000d7780000, 0x00000000e4a00000, 0x0000000100000000)
  eden space 124928K, 75% used [0x00000000d7780000,0x00000000dd384038,0x00000000df180000)
  from space 5120K, 99% used [0x00000000df180000,0x00000000df678fd0,0x00000000df680000)
  to   space 14336K, 0% used [0x00000000e3c00000,0x00000000e3c00000,0x00000000e4a00000)
 ParOldGen       total 60928K, used 14794K [0x0000000086600000, 0x000000008a180000, 0x00000000d7780000)
  object space 60928K, 24% used [0x0000000086600000,0x0000000087472848,0x000000008a180000)
 Metaspace       used 34572K, capacity 35172K, committed 35416K, reserved 1079296K
  class space    used 4748K, capacity 4935K, committed 4992K, reserved 1048576K
Event: 7,599 GC heap after
Heap after GC invocations=7 (full 1):
 PSYoungGen      total 198656K, used 14112K [0x00000000d7780000, 0x00000000e4d80000, 0x0000000100000000)
  eden space 184320K, 0% used [0x00000000d7780000,0x00000000d7780000,0x00000000e2b80000)
  from space 14336K, 98% used [0x00000000e3c00000,0x00000000e49c80e8,0x00000000e4a00000)
  to   space 16896K, 0% used [0x00000000e2b80000,0x00000000e2b80000,0x00000000e3c00000)
 ParOldGen       total 60928K, used 14802K [0x0000000086600000, 0x000000008a180000, 0x00000000d7780000)
  object space 60928K, 24% used [0x0000000086600000,0x0000000087474848,0x000000008a180000)
 Metaspace       used 34572K, capacity 35172K, committed 35416K, reserved 1079296K
  class space    used 4748K, capacity 4935K, committed 4992K, reserved 1048576K
}
Event: 7,599 GC heap before
{Heap before GC invocations=8 (full 2):
 PSYoungGen      total 198656K, used 14112K [0x00000000d7780000, 0x00000000e4d80000, 0x0000000100000000)
  eden space 184320K, 0% used [0x00000000d7780000,0x00000000d7780000,0x00000000e2b80000)
  from space 14336K, 98% used [0x00000000e3c00000,0x00000000e49c80e8,0x00000000e4a00000)
  to   space 16896K, 0% used [0x00000000e2b80000,0x00000000e2b80000,0x00000000e3c00000)
 ParOldGen       total 60928K, used 14802K [0x0000000086600000, 0x000000008a180000, 0x00000000d7780000)
  object space 60928K, 24% used [0x0000000086600000,0x0000000087474848,0x000000008a180000)
 Metaspace       used 34572K, capacity 35172K, committed 35416K, reserved 1079296K
  class space    used 4748K, capacity 4935K, committed 4992K, reserved 1048576K
Event: 7,740 GC heap after
Heap after GC invocations=8 (full 2):
 PSYoungGen      total 198656K, used 0K [0x00000000d7780000, 0x00000000e4d80000, 0x0000000100000000)
  eden space 184320K, 0% used [0x00000000d7780000,0x00000000d7780000,0x00000000e2b80000)
  from space 14336K, 0% used [0x00000000e3c00000,0x00000000e3c00000,0x00000000e4a00000)
  to   space 16896K, 0% used [0x00000000e2b80000,0x00000000e2b80000,0x00000000e3c00000)
 ParOldGen       total 101376K, used 22099K [0x0000000086600000, 0x000000008c900000, 0x00000000d7780000)
  object space 101376K, 21% used [0x0000000086600000,0x0000000087b94e48,0x000000008c900000)
 Metaspace       used 34572K, capacity 35172K, committed 35416K, reserved 1079296K
  class space    used 4748K, capacity 4935K, committed 4992K, reserved 1048576K
}
Event: 11,458 GC heap before
{Heap before GC invocations=9 (full 2):
 PSYoungGen      total 198656K, used 184320K [0x00000000d7780000, 0x00000000e4d80000, 0x0000000100000000)
  eden space 184320K, 100% used [0x00000000d7780000,0x00000000e2b80000,0x00000000e2b80000)
  from space 14336K, 0% used [0x00000000e3c00000,0x00000000e3c00000,0x00000000e4a00000)
  to   space 16896K, 0% used [0x00000000e2b80000,0x00000000e2b80000,0x00000000e3c00000)
 ParOldGen       total 101376K, used 22099K [0x0000000086600000, 0x000000008c900000, 0x00000000d7780000)
  object space 101376K, 21% used [0x0000000086600000,0x0000000087b94e48,0x000000008c900000)
 Metaspace       used 46097K, capacity 47230K, committed 47320K, reserved 1089536K
  class space    used 6319K, capacity 6623K, committed 6656K, reserved 1048576K
Event: 11,699 GC heap after
Heap after GC invocations=9 (full 2):
 PSYoungGen      total 201216K, used 14345K [0x00000000d7780000, 0x00000000eb000000, 0x0000000100000000)
  eden space 184320K, 0% used [0x00000000d7780000,0x00000000d7780000,0x00000000e2b80000)
  from space 16896K, 84% used [0x00000000e2b80000,0x00000000e3982690,0x00000000e3c00000)
  to   space 18432K, 0% used [0x00000000e9e00000,0x00000000e9e00000,0x00000000eb000000)
 ParOldGen       total 101376K, used 22179K [0x0000000086600000, 0x000000008c900000, 0x00000000d7780000)
  object space 101376K, 21% used [0x0000000086600000,0x0000000087ba8e70,0x000000008c900000)
 Metaspace       used 46097K, capacity 47230K, committed 47320K, reserved 1089536K
  class space    used 6319K, capacity 6623K, committed 6656K, reserved 1048576K
}

