# JRE version: Java(TM) SE Runtime Environment (8.0_121-b13) (build 1.8.0_121-b13)
# Java VM: Java HotSpot(TM) 64-Bit Server VM (25.121-b13 mixed mode linux-amd64 compressed oops)
Heap:
 PSYoungGen      total 199680K, used 196378K [0x00000000d7780000, 0x00000000e9200000, 0x0000000100000000)
  eden space 182784K, 100% used [0x00000000d7780000,0x00000000e2a00000,0x00000000e2a00000)
  from space 16896K, 80% used [0x00000000e2a00000,0x00000000e37468c0,0x00000000e3a80000)
  to   space 17920K, 78% used [0x00000000e8080000,0x00000000e8e281f8,0x00000000e9200000)
 ParOldGen       total 104448K, used 22554K [0x0000000086600000, 0x000000008cc00000, 0x00000000d7780000)
  object space 104448K, 21% used [0x0000000086600000,0x0000000087c06ae8,0x000000008cc00000)
 Metaspace       used 49756K, capacity 51196K, committed 51416K, reserved 1093632K
  class space    used 6783K, capacity 7153K, committed 7168K, reserved 1048576K
GC Heap History (10 events):
Event: 2,882 GC heap after
Heap after GC invocations=5 (full 1):
 PSYoungGen      total 130048K, used 0K [0x00000000d7780000, 0x00000000dfb80000, 0x0000000100000000)
  eden space 124928K, 0% used [0x00000000d7780000,0x00000000d7780000,0x00000000df180000)
  from space 5120K, 0% used [0x00000000df680000,0x00000000df680000,0x00000000dfb80000)
  to   space 5120K, 0% used [0x00000000df180000,0x00000000df180000,0x00000000df680000)
 ParOldGen       total 61952K, used 8242K [0x0000000086600000, 0x000000008a280000, 0x00000000d7780000)
  object space 61952K, 13% used [0x0000000086600000,0x0000000086e0c940,0x000000008a280000)
 Metaspace       used 20855K, capacity 21116K, committed 21248K, reserved 1067008K
  class space    used 2876K, capacity 2965K, committed 3072K, reserved 1048576K
}
Event: 5,189 GC heap before
{Heap before GC invocations=6 (full 1):
 PSYoungGen      total 130048K, used 124928K [0x00000000d7780000, 0x00000000dfb80000, 0x0000000100000000)
  eden space 124928K, 100% used [0x00000000d7780000,0x00000000df180000,0x00000000df180000)
  from space 5120K, 0% used [0x00000000df680000,0x00000000df680000,0x00000000dfb80000)
  to   space 5120K, 0% used [0x00000000df180000,0x00000000df180000,0x00000000df680000)
 ParOldGen       total 61952K, used 8242K [0x0000000086600000, 0x000000008a280000, 0x00000000d7780000)
  object space 61952K, 13% used [0x0000000086600000,0x0000000086e0c940,0x000000008a280000)
 Metaspace       used 30643K, capacity 31106K, committed 31360K, reserved 1077248K
  class space    used 4247K, capacity 4420K, committed 4480K, reserved 1048576K
Event: 5,213 GC heap after
Heap after GC invocations=6 (full 1):
 PSYoungGen      total 130048K, used 5106K [0x00000000d7780000, 0x00000000e4880000, 0x0000000100000000)
  eden space 124928K, 0% used [0x00000000d7780000,0x00000000d7780000,0x00000000df180000)
  from space 5120K, 99% used [0x00000000df180000,0x00000000df67ca88,0x00000000df680000)
  to   space 14336K, 0% used [0x00000000e3a80000,0x00000000e3a80000,0x00000000e4880000)
 ParOldGen       total 61952K, used 14889K [0x0000000086600000, 0x000000008a280000, 0x00000000d7780000)
  object space 61952K, 24% used [0x0000000086600000,0x000000008748a410,0x000000008a280000)
 Metaspace       used 30643K, capacity 31106K, committed 31360K, reserved 1077248K
  class space    used 4247K, capacity 4420K, committed 4480K, reserved 1048576K
}
Event: 6,451 GC heap before
{Heap before GC invocations=7 (full 1):
 PSYoungGen      total 130048K, used 102777K [0x00000000d7780000, 0x00000000e4880000, 0x0000000100000000)
  eden space 124928K, 78% used [0x00000000d7780000,0x00000000dd6e1b60,0x00000000df180000)
  from space 5120K, 99% used [0x00000000df180000,0x00000000df67ca88,0x00000000df680000)
  to   space 14336K, 0% used [0x00000000e3a80000,0x00000000e3a80000,0x00000000e4880000)
 ParOldGen       total 61952K, used 14889K [0x0000000086600000, 0x000000008a280000, 0x00000000d7780000)
  object space 61952K, 24% used [0x0000000086600000,0x000000008748a410,0x000000008a280000)
 Metaspace       used 34702K, capacity 35264K, committed 35416K, reserved 1079296K
  class space    used 4751K, capacity 4967K, committed 4992K, reserved 1048576K
Event: 6,498 GC heap after
Heap after GC invocations=7 (full 1):
 PSYoungGen      total 197120K, used 14326K [0x00000000d7780000, 0x00000000e5280000, 0x0000000100000000)
  eden space 182784K, 0% used [0x00000000d7780000,0x00000000d7780000,0x00000000e2a00000)
  from space 14336K, 99% used [0x00000000e3a80000,0x00000000e487d970,0x00000000e4880000)
  to   space 16896K, 0% used [0x00000000e2a00000,0x00000000e2a00000,0x00000000e3a80000)
 ParOldGen       total 61952K, used 14983K [0x0000000086600000, 0x000000008a280000, 0x00000000d7780000)
  object space 61952K, 24% used [0x0000000086600000,0x00000000874a1f38,0x000000008a280000)
 Metaspace       used 34702K, capacity 35264K, committed 35416K, reserved 1079296K
  class space    used 4751K, capacity 4967K, committed 4992K, reserved 1048576K
}
Event: 6,498 GC heap before
{Heap before GC invocations=8 (full 2):
 PSYoungGen      total 197120K, used 14326K [0x00000000d7780000, 0x00000000e5280000, 0x0000000100000000)
  eden space 182784K, 0% used [0x00000000d7780000,0x00000000d7780000,0x00000000e2a00000)
  from space 14336K, 99% used [0x00000000e3a80000,0x00000000e487d970,0x00000000e4880000)
  to   space 16896K, 0% used [0x00000000e2a00000,0x00000000e2a00000,0x00000000e3a80000)
 ParOldGen       total 61952K, used 14983K [0x0000000086600000, 0x000000008a280000, 0x00000000d7780000)
  object space 61952K, 24% used [0x0000000086600000,0x00000000874a1f38,0x000000008a280000)
 Metaspace       used 34702K, capacity 35264K, committed 35416K, reserved 1079296K
  class space    used 4751K, capacity 4967K, committed 4992K, reserved 1048576K
Event: 6,658 GC heap after
Heap after GC invocations=8 (full 2):
 PSYoungGen      total 197120K, used 0K [0x00000000d7780000, 0x00000000e5280000, 0x0000000100000000)
  eden space 182784K, 0% used [0x00000000d7780000,0x00000000d7780000,0x00000000e2a00000)
  from space 14336K, 0% used [0x00000000e3a80000,0x00000000e3a80000,0x00000000e4880000)
  to   space 16896K, 0% used [0x00000000e2a00000,0x00000000e2a00000,0x00000000e3a80000)
 ParOldGen       total 104448K, used 22466K [0x0000000086600000, 0x000000008cc00000, 0x00000000d7780000)
  object space 104448K, 21% used [0x0000000086600000,0x0000000087bf0ac0,0x000000008cc00000)
 Metaspace       used 34702K, capacity 35264K, committed 35416K, reserved 1079296K
  class space    used 4751K, capacity 4967K, committed 4992K, reserved 1048576K
}
Event: 10,159 GC heap before
{Heap before GC invocations=9 (full 2):
 PSYoungGen      total 197120K, used 182784K [0x00000000d7780000, 0x00000000e5280000, 0x0000000100000000)
  eden space 182784K, 100% used [0x00000000d7780000,0x00000000e2a00000,0x00000000e2a00000)
  from space 14336K, 0% used [0x00000000e3a80000,0x00000000e3a80000,0x00000000e4880000)
  to   space 16896K, 0% used [0x00000000e2a00000,0x00000000e2a00000,0x00000000e3a80000)
 ParOldGen       total 104448K, used 22466K [0x0000000086600000, 0x000000008cc00000, 0x00000000d7780000)
  object space 104448K, 21% used [0x0000000086600000,0x0000000087bf0ac0,0x000000008cc00000)
 Metaspace       used 46042K, capacity 47162K, committed 47320K, reserved 1089536K
  class space    used 6314K, capacity 6623K, committed 6656K, reserved 1048576K
Event: 10,182 GC heap after
Heap after GC invocations=9 (full 2):
 PSYoungGen      total 199680K, used 13594K [0x00000000d7780000, 0x00000000e9200000, 0x0000000100000000)
  eden space 182784K, 0% used [0x00000000d7780000,0x00000000d7780000,0x00000000e2a00000)
  from space 16896K, 80% used [0x00000000e2a00000,0x00000000e37468c0,0x00000000e3a80000)
  to   space 17920K, 0% used [0x00000000e8080000,0x00000000e8080000,0x00000000e9200000)
 ParOldGen       total 104448K, used 22546K [0x0000000086600000, 0x000000008cc00000, 0x00000000d7780000)
  object space 104448K, 21% used [0x0000000086600000,0x0000000087c04ae8,0x000000008cc00000)
 Metaspace       used 46042K, capacity 47162K, committed 47320K, reserved 1089536K
  class space    used 6314K, capacity 6623K, committed 6656K, reserved 1048576K
}
Event: 12,982 GC heap before
{Heap before GC invocations=10 (full 2):
 PSYoungGen      total 199680K, used 196378K [0x00000000d7780000, 0x00000000e9200000, 0x0000000100000000)
  eden space 182784K, 100% used [0x00000000d7780000,0x00000000e2a00000,0x00000000e2a00000)
  from space 16896K, 80% used [0x00000000e2a00000,0x00000000e37468c0,0x00000000e3a80000)
  to   space 17920K, 0% used [0x00000000e8080000,0x00000000e8080000,0x00000000e9200000)
 ParOldGen       total 104448K, used 22546K [0x0000000086600000, 0x000000008cc00000, 0x00000000d7780000)
  object space 104448K, 21% used [0x0000000086600000,0x0000000087c04ae8,0x000000008cc00000)
 Metaspace       used 49756K, capacity 51196K, committed 51416K, reserved 1093632K
  class space    used 6783K, capacity 7153K, committed 7168K, reserved 1048576K

