# JRE version: Java(TM) SE Runtime Environment (8.0_121-b13) (build 1.8.0_121-b13)
# Java VM: Java HotSpot(TM) 64-Bit Server VM (25.121-b13 mixed mode linux-amd64 compressed oops)
Heap:
 PSYoungGen      total 265728K, used 95221K [0x00000000eab00000, 0x00000000fe000000, 0x0000000100000000)
  eden space 238080K, 28% used [0x00000000eab00000,0x00000000eed04b80,0x00000000f9380000)
  from space 27648K, 99% used [0x00000000fb600000,0x00000000fd0f8948,0x00000000fd100000)
  to   space 35328K, 0% used [0x00000000f9380000,0x00000000f9380000,0x00000000fb600000)
 ParOldGen       total 83456K, used 50057K [0x00000000c0000000, 0x00000000c5180000, 0x00000000eab00000)
  object space 83456K, 59% used [0x00000000c0000000,0x00000000c30e24d0,0x00000000c5180000)
 Metaspace       used 6467K, capacity 7256K, committed 7424K, reserved 1056768K
  class space    used 623K, capacity 656K, committed 768K, reserved 1048576K
GC Heap History (10 events):
Event: 8,685 GC heap before
{Heap before GC invocations=4 (full 0):
 PSYoungGen      total 36352K, used 36337K [0x00000000eab00000, 0x00000000ef200000, 0x0000000100000000)
  eden space 31232K, 100% used [0x00000000eab00000,0x00000000ec980000,0x00000000ec980000)
  from space 5120K, 99% used [0x00000000ec980000,0x00000000ece7c7d0,0x00000000ece80000)
  to   space 5120K, 0% used [0x00000000eed00000,0x00000000eed00000,0x00000000ef200000)
 ParOldGen       total 83456K, used 11697K [0x00000000c0000000, 0x00000000c5180000, 0x00000000eab00000)
  object space 83456K, 14% used [0x00000000c0000000,0x00000000c0b6c5d0,0x00000000c5180000)
 Metaspace       used 5842K, capacity 6896K, committed 7040K, reserved 1056768K
  class space    used 597K, capacity 616K, committed 640K, reserved 1048576K
Event: 8,871 GC heap after
Heap after GC invocations=4 (full 0):
 PSYoungGen      total 67584K, used 5111K [0x00000000eab00000, 0x00000000ef200000, 0x0000000100000000)
  eden space 62464K, 0% used [0x00000000eab00000,0x00000000eab00000,0x00000000ee800000)
  from space 5120K, 99% used [0x00000000eed00000,0x00000000ef1fde18,0x00000000ef200000)
  to   space 5120K, 0% used [0x00000000ee800000,0x00000000ee800000,0x00000000eed00000)
 ParOldGen       total 83456K, used 16678K [0x00000000c0000000, 0x00000000c5180000, 0x00000000eab00000)
  object space 83456K, 19% used [0x00000000c0000000,0x00000000c1049a20,0x00000000c5180000)
 Metaspace       used 5842K, capacity 6896K, committed 7040K, reserved 1056768K
  class space    used 597K, capacity 616K, committed 640K, reserved 1048576K
}
Event: 11,883 GC heap before
{Heap before GC invocations=5 (full 0):
 PSYoungGen      total 67584K, used 67575K [0x00000000eab00000, 0x00000000ef200000, 0x0000000100000000)
  eden space 62464K, 100% used [0x00000000eab00000,0x00000000ee800000,0x00000000ee800000)
  from space 5120K, 99% used [0x00000000eed00000,0x00000000ef1fde18,0x00000000ef200000)
  to   space 5120K, 0% used [0x00000000ee800000,0x00000000ee800000,0x00000000eed00000)
 ParOldGen       total 83456K, used 16678K [0x00000000c0000000, 0x00000000c5180000, 0x00000000eab00000)
  object space 83456K, 19% used [0x00000000c0000000,0x00000000c1049a20,0x00000000c5180000)
 Metaspace       used 6015K, capacity 7000K, committed 7168K, reserved 1056768K
  class space    used 617K, capacity 656K, committed 768K, reserved 1048576K
Event: 11,998 GC heap after
Heap after GC invocations=5 (full 0):
 PSYoungGen      total 67584K, used 5090K [0x00000000eab00000, 0x00000000f4300000, 0x0000000100000000)
  eden space 62464K, 0% used [0x00000000eab00000,0x00000000eab00000,0x00000000ee800000)
  from space 5120K, 99% used [0x00000000ee800000,0x00000000eecf89a8,0x00000000eed00000)
  to   space 15360K, 0% used [0x00000000f3400000,0x00000000f3400000,0x00000000f4300000)
 ParOldGen       total 83456K, used 26906K [0x00000000c0000000, 0x00000000c5180000, 0x00000000eab00000)
  object space 83456K, 32% used [0x00000000c0000000,0x00000000c1a469d0,0x00000000c5180000)
 Metaspace       used 6015K, capacity 7000K, committed 7168K, reserved 1056768K
  class space    used 617K, capacity 656K, committed 768K, reserved 1048576K
}
Event: 13,136 GC heap before
{Heap before GC invocations=6 (full 0):
 PSYoungGen      total 67584K, used 67554K [0x00000000eab00000, 0x00000000f4300000, 0x0000000100000000)
  eden space 62464K, 100% used [0x00000000eab00000,0x00000000ee800000,0x00000000ee800000)
  from space 5120K, 99% used [0x00000000ee800000,0x00000000eecf89a8,0x00000000eed00000)
  to   space 15360K, 0% used [0x00000000f3400000,0x00000000f3400000,0x00000000f4300000)
 ParOldGen       total 83456K, used 26906K [0x00000000c0000000, 0x00000000c5180000, 0x00000000eab00000)
  object space 83456K, 32% used [0x00000000c0000000,0x00000000c1a469d0,0x00000000c5180000)
 Metaspace       used 6096K, capacity 7064K, committed 7424K, reserved 1056768K
  class space    used 617K, capacity 656K, committed 768K, reserved 1048576K
Event: 13,287 GC heap after
Heap after GC invocations=6 (full 0):
 PSYoungGen      total 138240K, used 15349K [0x00000000eab00000, 0x00000000f4700000, 0x0000000100000000)
  eden space 122880K, 0% used [0x00000000eab00000,0x00000000eab00000,0x00000000f2300000)
  from space 15360K, 99% used [0x00000000f3400000,0x00000000f42fd650,0x00000000f4300000)
  to   space 17408K, 0% used [0x00000000f2300000,0x00000000f2300000,0x00000000f3400000)
 ParOldGen       total 83456K, used 26906K [0x00000000c0000000, 0x00000000c5180000, 0x00000000eab00000)
  object space 83456K, 32% used [0x00000000c0000000,0x00000000c1a469d0,0x00000000c5180000)
 Metaspace       used 6096K, capacity 7064K, committed 7424K, reserved 1056768K
  class space    used 617K, capacity 656K, committed 768K, reserved 1048576K
}
Event: 14,735 GC heap before
{Heap before GC invocations=7 (full 0):
 PSYoungGen      total 138240K, used 138229K [0x00000000eab00000, 0x00000000f4700000, 0x0000000100000000)
  eden space 122880K, 100% used [0x00000000eab00000,0x00000000f2300000,0x00000000f2300000)
  from space 15360K, 99% used [0x00000000f3400000,0x00000000f42fd650,0x00000000f4300000)
  to   space 17408K, 0% used [0x00000000f2300000,0x00000000f2300000,0x00000000f3400000)
 ParOldGen       total 83456K, used 26906K [0x00000000c0000000, 0x00000000c5180000, 0x00000000eab00000)
  object space 83456K, 32% used [0x00000000c0000000,0x00000000c1a469d0,0x00000000c5180000)
 Metaspace       used 6262K, capacity 7192K, committed 7424K, reserved 1056768K
  class space    used 618K, capacity 656K, committed 768K, reserved 1048576K
Event: 14,907 GC heap after
Heap after GC invocations=7 (full 0):
 PSYoungGen      total 140288K, used 17377K [0x00000000eab00000, 0x00000000fd100000, 0x0000000100000000)
  eden space 122880K, 0% used [0x00000000eab00000,0x00000000eab00000,0x00000000f2300000)
  from space 17408K, 99% used [0x00000000f2300000,0x00000000f33f84e8,0x00000000f3400000)
  to   space 27648K, 0% used [0x00000000fb600000,0x00000000fb600000,0x00000000fd100000)
 ParOldGen       total 83456K, used 42392K [0x00000000c0000000, 0x00000000c5180000, 0x00000000eab00000)
  object space 83456K, 50% used [0x00000000c0000000,0x00000000c2966238,0x00000000c5180000)
 Metaspace       used 6262K, capacity 7192K, committed 7424K, reserved 1056768K
  class space    used 618K, capacity 656K, committed 768K, reserved 1048576K
}
Event: 16,301 GC heap before
{Heap before GC invocations=8 (full 0):
 PSYoungGen      total 140288K, used 140257K [0x00000000eab00000, 0x00000000fd100000, 0x0000000100000000)
  eden space 122880K, 100% used [0x00000000eab00000,0x00000000f2300000,0x00000000f2300000)
  from space 17408K, 99% used [0x00000000f2300000,0x00000000f33f84e8,0x00000000f3400000)
  to   space 27648K, 0% used [0x00000000fb600000,0x00000000fb600000,0x00000000fd100000)
 ParOldGen       total 83456K, used 42392K [0x00000000c0000000, 0x00000000c5180000, 0x00000000eab00000)
  object space 83456K, 50% used [0x00000000c0000000,0x00000000c2966238,0x00000000c5180000)
 Metaspace       used 6371K, capacity 7256K, committed 7424K, reserved 1056768K
  class space    used 618K, capacity 656K, committed 768K, reserved 1048576K
Event: 16,503 GC heap after
Heap after GC invocations=8 (full 0):
 PSYoungGen      total 265728K, used 27618K [0x00000000eab00000, 0x00000000fe000000, 0x0000000100000000)
  eden space 238080K, 0% used [0x00000000eab00000,0x00000000eab00000,0x00000000f9380000)
  from space 27648K, 99% used [0x00000000fb600000,0x00000000fd0f8948,0x00000000fd100000)
  to   space 35328K, 0% used [0x00000000f9380000,0x00000000f9380000,0x00000000fb600000)
 ParOldGen       total 83456K, used 50057K [0x00000000c0000000, 0x00000000c5180000, 0x00000000eab00000)
  object space 83456K, 59% used [0x00000000c0000000,0x00000000c30e24d0,0x00000000c5180000)
 Metaspace       used 6371K, capacity 7256K, committed 7424K, reserved 1056768K
  class space    used 618K, capacity 656K, committed 768K, reserved 1048576K
}

