<?xml version="1.0" encoding="UTF-8"?>
<coverage generated="1495031957356" clover="3.2.0">
  <project timestamp="1495031957356" name="All files">
    <metrics statements="258" coveredstatements="155" conditionals="48" coveredconditionals="33" methods="132" coveredmethods="17" elements="438" coveredelements="205" complexity="0" loc="258" ncloc="258" packages="3" files="18" classes="18">
      <package name="jest">
        <metrics statements="2" coveredstatements="1" conditionals="0" coveredconditionals="0" methods="1" coveredmethods="0"/>
        <file name="setup.js" path="/home/primayudha/Documents/Hacktiv8/Dofin/Dofin/jest/setup.js">
          <metrics statements="2" coveredstatements="1" conditionals="0" coveredconditionals="0" methods="1" coveredmethods="0"/>
          <line num="1" count="10" type="stmt"/>
          <line num="2" count="0" type="stmt"/>
        </file>
      </package>
      <package name="src.actions">
        <metrics statements="174" coveredstatements="92" conditionals="8" coveredconditionals="1" methods="112" coveredmethods="5"/>
        <file name="cameraAction.js" path="/home/primayudha/Documents/Hacktiv8/Dofin/Dofin/src/actions/cameraAction.js">
          <metrics statements="12" coveredstatements="11" conditionals="2" coveredconditionals="1" methods="7" coveredmethods="5"/>
          <line num="3" count="2" type="stmt"/>
          <line num="4" count="2" type="stmt"/>
          <line num="6" count="2" type="stmt"/>
          <line num="11" count="2" type="stmt"/>
          <line num="16" count="2" type="stmt"/>
          <line num="21" count="2" type="stmt"/>
          <line num="22" count="1" type="stmt"/>
          <line num="24" count="1" type="stmt"/>
          <line num="30" count="1" type="stmt"/>
          <line num="31" count="1" type="stmt"/>
          <line num="32" count="1" type="cond" truecount="1" falsecount="1"/>
          <line num="36" count="0" type="stmt"/>
        </file>
        <file name="categoryAction.js" path="/home/primayudha/Documents/Hacktiv8/Dofin/Dofin/src/actions/categoryAction.js">
          <metrics statements="26" coveredstatements="10" conditionals="0" coveredconditionals="0" methods="20" coveredmethods="0"/>
          <line num="3" count="2" type="stmt"/>
          <line num="4" count="2" type="stmt"/>
          <line num="6" count="2" type="stmt"/>
          <line num="11" count="2" type="stmt"/>
          <line num="16" count="2" type="stmt"/>
          <line num="21" count="2" type="stmt"/>
          <line num="26" count="2" type="stmt"/>
          <line num="27" count="0" type="stmt"/>
          <line num="28" count="0" type="stmt"/>
          <line num="33" count="0" type="stmt"/>
          <line num="34" count="0" type="stmt"/>
          <line num="37" count="2" type="stmt"/>
          <line num="38" count="0" type="stmt"/>
          <line num="39" count="0" type="stmt"/>
          <line num="40" count="0" type="stmt"/>
          <line num="41" count="0" type="stmt"/>
          <line num="44" count="2" type="stmt"/>
          <line num="45" count="0" type="stmt"/>
          <line num="46" count="0" type="stmt"/>
          <line num="52" count="0" type="stmt"/>
          <line num="53" count="0" type="stmt"/>
          <line num="56" count="2" type="stmt"/>
          <line num="57" count="0" type="stmt"/>
          <line num="58" count="0" type="stmt"/>
          <line num="61" count="0" type="stmt"/>
          <line num="62" count="0" type="stmt"/>
        </file>
        <file name="constants.js" path="/home/primayudha/Documents/Hacktiv8/Dofin/Dofin/src/actions/constants.js">
          <metrics statements="23" coveredstatements="23" conditionals="0" coveredconditionals="0" methods="0" coveredmethods="0"/>
          <line num="1" count="10" type="stmt"/>
          <line num="2" count="10" type="stmt"/>
          <line num="3" count="10" type="stmt"/>
          <line num="4" count="10" type="stmt"/>
          <line num="5" count="10" type="stmt"/>
          <line num="6" count="10" type="stmt"/>
          <line num="7" count="10" type="stmt"/>
          <line num="8" count="10" type="stmt"/>
          <line num="9" count="10" type="stmt"/>
          <line num="10" count="10" type="stmt"/>
          <line num="11" count="10" type="stmt"/>
          <line num="12" count="10" type="stmt"/>
          <line num="13" count="10" type="stmt"/>
          <line num="14" count="10" type="stmt"/>
          <line num="15" count="10" type="stmt"/>
          <line num="16" count="10" type="stmt"/>
          <line num="17" count="10" type="stmt"/>
          <line num="18" count="10" type="stmt"/>
          <line num="19" count="10" type="stmt"/>
          <line num="20" count="10" type="stmt"/>
          <line num="21" count="10" type="stmt"/>
          <line num="22" count="10" type="stmt"/>
          <line num="23" count="10" type="stmt"/>
        </file>
        <file name="dreamAction.js" path="/home/primayudha/Documents/Hacktiv8/Dofin/Dofin/src/actions/dreamAction.js">
          <metrics statements="26" coveredstatements="10" conditionals="0" coveredconditionals="0" methods="20" coveredmethods="0"/>
          <line num="3" count="2" type="stmt"/>
          <line num="4" count="2" type="stmt"/>
          <line num="6" count="2" type="stmt"/>
          <line num="11" count="2" type="stmt"/>
          <line num="16" count="2" type="stmt"/>
          <line num="21" count="2" type="stmt"/>
          <line num="27" count="2" type="stmt"/>
          <line num="28" count="0" type="stmt"/>
          <line num="29" count="0" type="stmt"/>
          <line num="35" count="0" type="stmt"/>
          <line num="36" count="0" type="stmt"/>
          <line num="39" count="2" type="stmt"/>
          <line num="40" count="0" type="stmt"/>
          <line num="41" count="0" type="stmt"/>
          <line num="42" count="0" type="stmt"/>
          <line num="43" count="0" type="stmt"/>
          <line num="46" count="2" type="stmt"/>
          <line num="47" count="0" type="stmt"/>
          <line num="48" count="0" type="stmt"/>
          <line num="55" count="0" type="stmt"/>
          <line num="56" count="0" type="stmt"/>
          <line num="59" count="2" type="stmt"/>
          <line num="60" count="0" type="stmt"/>
          <line num="61" count="0" type="stmt"/>
          <line num="62" count="0" type="stmt"/>
          <line num="63" count="0" type="stmt"/>
        </file>
        <file name="expenseAction.js" path="/home/primayudha/Documents/Hacktiv8/Dofin/Dofin/src/actions/expenseAction.js">
          <metrics statements="38" coveredstatements="17" conditionals="6" coveredconditionals="0" methods="29" coveredmethods="0"/>
          <line num="3" count="2" type="stmt"/>
          <line num="4" count="2" type="stmt"/>
          <line num="7" count="0" type="cond" truecount="0" falsecount="2"/>
          <line num="10" count="2" type="stmt"/>
          <line num="15" count="2" type="stmt"/>
          <line num="20" count="2" type="stmt"/>
          <line num="26" count="2" type="stmt"/>
          <line num="31" count="2" type="stmt"/>
          <line num="36" count="2" type="stmt"/>
          <line num="41" count="2" type="stmt"/>
          <line num="45" count="2" type="stmt"/>
          <line num="50" count="2" type="stmt"/>
          <line num="51" count="0" type="stmt"/>
          <line num="52" count="0" type="stmt"/>
          <line num="63" count="0" type="cond" truecount="0" falsecount="2"/>
          <line num="69" count="0" type="stmt"/>
          <line num="73" count="2" type="stmt"/>
          <line num="78" count="2" type="stmt"/>
          <line num="79" count="0" type="stmt"/>
          <line num="80" count="0" type="stmt"/>
          <line num="85" count="0" type="stmt"/>
          <line num="89" count="2" type="stmt"/>
          <line num="90" count="0" type="stmt"/>
          <line num="91" count="0" type="stmt"/>
          <line num="94" count="0" type="cond" truecount="0" falsecount="2"/>
          <line num="100" count="0" type="stmt"/>
          <line num="104" count="2" type="stmt"/>
          <line num="105" count="0" type="stmt"/>
          <line num="115" count="2" type="stmt"/>
          <line num="116" count="0" type="stmt"/>
          <line num="117" count="0" type="stmt"/>
          <line num="118" count="0" type="stmt"/>
          <line num="119" count="0" type="stmt"/>
          <line num="122" count="2" type="stmt"/>
          <line num="123" count="0" type="stmt"/>
          <line num="124" count="0" type="stmt"/>
          <line num="125" count="0" type="stmt"/>
          <line num="126" count="0" type="stmt"/>
        </file>
        <file name="incomeAction.js" path="/home/primayudha/Documents/Hacktiv8/Dofin/Dofin/src/actions/incomeAction.js">
          <metrics statements="14" coveredstatements="6" conditionals="0" coveredconditionals="0" methods="10" coveredmethods="0"/>
          <line num="3" count="2" type="stmt"/>
          <line num="4" count="2" type="stmt"/>
          <line num="6" count="2" type="stmt"/>
          <line num="11" count="2" type="stmt"/>
          <line num="16" count="2" type="stmt"/>
          <line num="17" count="0" type="stmt"/>
          <line num="18" count="0" type="stmt"/>
          <line num="25" count="0" type="stmt"/>
          <line num="26" count="0" type="stmt"/>
          <line num="29" count="2" type="stmt"/>
          <line num="30" count="0" type="stmt"/>
          <line num="31" count="0" type="stmt"/>
          <line num="32" count="0" type="stmt"/>
          <line num="33" count="0" type="stmt"/>
        </file>
        <file name="index.js" path="/home/primayudha/Documents/Hacktiv8/Dofin/Dofin/src/actions/index.js">
          <metrics statements="0" coveredstatements="0" conditionals="0" coveredconditionals="0" methods="0" coveredmethods="0"/>
        </file>
        <file name="notificationAction.js" path="/home/primayudha/Documents/Hacktiv8/Dofin/Dofin/src/actions/notificationAction.js">
          <metrics statements="14" coveredstatements="6" conditionals="0" coveredconditionals="0" methods="10" coveredmethods="0"/>
          <line num="3" count="2" type="stmt"/>
          <line num="4" count="2" type="stmt"/>
          <line num="6" count="2" type="stmt"/>
          <line num="11" count="2" type="stmt"/>
          <line num="16" count="2" type="stmt"/>
          <line num="17" count="0" type="stmt"/>
          <line num="18" count="0" type="stmt"/>
          <line num="19" count="0" type="stmt"/>
          <line num="20" count="0" type="stmt"/>
          <line num="23" count="2" type="stmt"/>
          <line num="24" count="0" type="stmt"/>
          <line num="25" count="0" type="stmt"/>
          <line num="26" count="0" type="stmt"/>
          <line num="27" count="0" type="stmt"/>
        </file>
        <file name="placesAction.js" path="/home/primayudha/Documents/Hacktiv8/Dofin/Dofin/src/actions/placesAction.js">
          <metrics statements="6" coveredstatements="2" conditionals="0" coveredconditionals="0" methods="5" coveredmethods="0"/>
          <line num="4" count="2" type="stmt"/>
          <line num="9" count="2" type="stmt"/>
          <line num="10" count="0" type="stmt"/>
          <line num="11" count="0" type="stmt"/>
          <line num="12" count="0" type="stmt"/>
          <line num="13" count="0" type="stmt"/>
        </file>
        <file name="userAction.js" path="/home/primayudha/Documents/Hacktiv8/Dofin/Dofin/src/actions/userAction.js">
          <metrics statements="15" coveredstatements="7" conditionals="0" coveredconditionals="0" methods="11" coveredmethods="0"/>
          <line num="3" count="2" type="stmt"/>
          <line num="4" count="2" type="stmt"/>
          <line num="6" count="2" type="stmt"/>
          <line num="11" count="2" type="stmt"/>
          <line num="16" count="2" type="stmt"/>
          <line num="22" count="2" type="stmt"/>
          <line num="23" count="0" type="stmt"/>
          <line num="24" count="0" type="stmt"/>
          <line num="29" count="0" type="stmt"/>
          <line num="30" count="0" type="stmt"/>
          <line num="33" count="2" type="stmt"/>
          <line num="34" count="0" type="stmt"/>
          <line num="35" count="0" type="stmt"/>
          <line num="39" count="0" type="stmt"/>
          <line num="40" count="0" type="stmt"/>
        </file>
      </package>
      <package name="src.reducers">
        <metrics statements="82" coveredstatements="62" conditionals="40" coveredconditionals="32" methods="19" coveredmethods="12"/>
        <file name="cameraReducer.js" path="/home/primayudha/Documents/Hacktiv8/Dofin/Dofin/src/reducers/cameraReducer.js">
          <metrics statements="16" coveredstatements="16" conditionals="5" coveredconditionals="5" methods="4" coveredmethods="4"/>
          <line num="3" count="1" type="stmt"/>
          <line num="11" count="1" type="stmt"/>
          <line num="12" count="1" type="stmt"/>
          <line num="16" count="1" type="stmt"/>
          <line num="19" count="1" type="stmt"/>
          <line num="20" count="1" type="stmt"/>
          <line num="24" count="1" type="stmt"/>
          <line num="27" count="1" type="stmt"/>
          <line num="28" count="1" type="stmt"/>
          <line num="32" count="1" type="stmt"/>
          <line num="35" count="1" type="cond" truecount="1" falsecount="0"/>
          <line num="36" count="4" type="cond" truecount="4" falsecount="0"/>
          <line num="37" count="1" type="stmt"/>
          <line num="38" count="1" type="stmt"/>
          <line num="39" count="1" type="stmt"/>
          <line num="40" count="1" type="stmt"/>
        </file>
        <file name="categoryReducer.js" path="/home/primayudha/Documents/Hacktiv8/Dofin/Dofin/src/reducers/categoryReducer.js">
          <metrics statements="7" coveredstatements="7" conditionals="6" coveredconditionals="6" methods="1" coveredmethods="1"/>
          <line num="3" count="1" type="cond" truecount="1" falsecount="0"/>
          <line num="4" count="5" type="cond" truecount="5" falsecount="0"/>
          <line num="5" count="1" type="stmt"/>
          <line num="6" count="1" type="stmt"/>
          <line num="7" count="1" type="stmt"/>
          <line num="8" count="1" type="stmt"/>
          <line num="9" count="1" type="stmt"/>
        </file>
        <file name="dreamReducer.js" path="/home/primayudha/Documents/Hacktiv8/Dofin/Dofin/src/reducers/dreamReducer.js">
          <metrics statements="6" coveredstatements="6" conditionals="5" coveredconditionals="5" methods="1" coveredmethods="1"/>
          <line num="3" count="1" type="cond" truecount="1" falsecount="0"/>
          <line num="4" count="4" type="cond" truecount="4" falsecount="0"/>
          <line num="5" count="1" type="stmt"/>
          <line num="6" count="1" type="stmt"/>
          <line num="7" count="1" type="stmt"/>
          <line num="8" count="1" type="stmt"/>
        </file>
        <file name="expenseReducer.js" path="/home/primayudha/Documents/Hacktiv8/Dofin/Dofin/src/reducers/expenseReducer.js">
          <metrics statements="35" coveredstatements="19" conditionals="12" coveredconditionals="6" methods="8" coveredmethods="3"/>
          <line num="3" count="1" type="stmt"/>
          <line num="12" count="1" type="stmt"/>
          <line num="13" count="1" type="stmt"/>
          <line num="20" count="1" type="stmt"/>
          <line num="23" count="1" type="stmt"/>
          <line num="24" count="1" type="stmt"/>
          <line num="27" count="1" type="stmt"/>
          <line num="30" count="1" type="stmt"/>
          <line num="32" count="0" type="stmt"/>
          <line num="36" count="0" type="stmt"/>
          <line num="39" count="1" type="stmt"/>
          <line num="41" count="0" type="stmt"/>
          <line num="45" count="0" type="stmt"/>
          <line num="48" count="1" type="stmt"/>
          <line num="49" count="0" type="stmt"/>
          <line num="53" count="0" type="stmt"/>
          <line num="56" count="1" type="stmt"/>
          <line num="57" count="0" type="stmt"/>
          <line num="61" count="0" type="stmt"/>
          <line num="64" count="1" type="stmt"/>
          <line num="65" count="0" type="stmt"/>
          <line num="72" count="0" type="stmt"/>
          <line num="75" count="1" type="cond" truecount="1" falsecount="0"/>
          <line num="76" count="5" type="cond" truecount="5" falsecount="6"/>
          <line num="77" count="1" type="stmt"/>
          <line num="78" count="0" type="stmt"/>
          <line num="79" count="0" type="stmt"/>
          <line num="80" count="0" type="stmt"/>
          <line num="81" count="0" type="stmt"/>
          <line num="82" count="0" type="stmt"/>
          <line num="83" count="1" type="stmt"/>
          <line num="84" count="1" type="stmt"/>
          <line num="85" count="1" type="stmt"/>
          <line num="86" count="0" type="stmt"/>
          <line num="88" count="1" type="stmt"/>
        </file>
        <file name="incomeReducer.js" path="/home/primayudha/Documents/Hacktiv8/Dofin/Dofin/src/reducers/incomeReducer.js">
          <metrics statements="5" coveredstatements="5" conditionals="4" coveredconditionals="4" methods="1" coveredmethods="1"/>
          <line num="3" count="1" type="cond" truecount="1" falsecount="0"/>
          <line num="4" count="3" type="cond" truecount="3" falsecount="0"/>
          <line num="5" count="1" type="stmt"/>
          <line num="6" count="1" type="stmt"/>
          <line num="7" count="1" type="stmt"/>
        </file>
        <file name="notificationReducer.js" path="/home/primayudha/Documents/Hacktiv8/Dofin/Dofin/src/reducers/notificationReducer.js">
          <metrics statements="5" coveredstatements="5" conditionals="4" coveredconditionals="4" methods="1" coveredmethods="1"/>
          <line num="3" count="2" type="cond" truecount="1" falsecount="0"/>
          <line num="4" count="7" type="cond" truecount="3" falsecount="0"/>
          <line num="5" count="1" type="stmt"/>
          <line num="6" count="1" type="stmt"/>
          <line num="7" count="5" type="stmt"/>
        </file>
        <file name="placesReducers.js" path="/home/primayudha/Documents/Hacktiv8/Dofin/Dofin/src/reducers/placesReducers.js">
          <metrics statements="8" coveredstatements="4" conditionals="4" coveredconditionals="2" methods="3" coveredmethods="1"/>
          <line num="3" count="1" type="cond" truecount="0" falsecount="1"/>
          <line num="4" count="0" type="stmt"/>
          <line num="7" count="0" type="stmt"/>
          <line num="8" count="0" type="stmt"/>
          <line num="11" count="1" type="cond" truecount="1" falsecount="0"/>
          <line num="12" count="1" type="cond" truecount="1" falsecount="1"/>
          <line num="13" count="0" type="stmt"/>
          <line num="14" count="1" type="stmt"/>
        </file>
      </package>
    </metrics>
  </project>
</coverage>
