{"/home/primayudha/Documents/Hacktiv8/Dofin/Dofin/jest/setup.js": {"path":"/home/primayudha/Documents/Hacktiv8/Dofin/Dofin/jest/setup.js","statementMap":{"0":{"start":{"line":1,"column":0},"end":{"line":10,"column":2}},"1":{"start":{"line":2,"column":2},"end":{"line":9,"column":3}}},"fnMap":{"0":{"name":"(anonymous_0)","decl":{"start":{"line":1,"column":21},"end":{"line":1,"column":22}},"loc":{"start":{"line":1,"column":27},"end":{"line":10,"column":1}},"line":1}},"branchMap":{},"s":{"0":10,"1":0},"f":{"0":0},"b":{},"_coverageSchema":"332fd63041d2c1bcb487cc26dd0d5f7d97098a6c","hash":"d1bc75c744715b47b92f04edb358f1682c3cdf65"}
,"/home/primayudha/Documents/Hacktiv8/Dofin/Dofin/src/actions/cameraAction.js": {"path":"/home/primayudha/Documents/Hacktiv8/Dofin/Dofin/src/actions/cameraAction.js","statementMap":{"0":{"start":{"line":3,"column":13},"end":{"line":3,"column":70}},"1":{"start":{"line":4,"column":18},"end":{"line":4,"column":44}},"2":{"start":{"line":6,"column":25},"end":{"line":9,"column":2}},"3":{"start":{"line":6,"column":34},"end":{"line":9,"column":1}},"4":{"start":{"line":11,"column":26},"end":{"line":14,"column":2}},"5":{"start":{"line":11,"column":35},"end":{"line":14,"column":1}},"6":{"start":{"line":16,"column":26},"end":{"line":19,"column":2}},"7":{"start":{"line":16,"column":35},"end":{"line":19,"column":1}},"8":{"start":{"line":21,"column":30},"end":{"line":40,"column":1}},"9":{"start":{"line":22,"column":2},"end":{"line":38,"column":3}},"10":{"start":{"line":24,"column":4},"end":{"line":37,"column":12}},"11":{"start":{"line":30,"column":12},"end":{"line":30,"column":39}},"12":{"start":{"line":31,"column":31},"end":{"line":31,"column":54}},"13":{"start":{"line":32,"column":12},"end":{"line":33,"column":40}},"14":{"start":{"line":36,"column":12},"end":{"line":36,"column":28}}},"fnMap":{"0":{"name":"(anonymous_0)","decl":{"start":{"line":6,"column":25},"end":{"line":6,"column":26}},"loc":{"start":{"line":6,"column":34},"end":{"line":9,"column":1}},"line":6},"1":{"name":"(anonymous_1)","decl":{"start":{"line":11,"column":26},"end":{"line":11,"column":27}},"loc":{"start":{"line":11,"column":35},"end":{"line":14,"column":1}},"line":11},"2":{"name":"(anonymous_2)","decl":{"start":{"line":16,"column":26},"end":{"line":16,"column":27}},"loc":{"start":{"line":16,"column":35},"end":{"line":19,"column":1}},"line":16},"3":{"name":"(anonymous_3)","decl":{"start":{"line":21,"column":30},"end":{"line":21,"column":31}},"loc":{"start":{"line":21,"column":42},"end":{"line":40,"column":1}},"line":21},"4":{"name":"(anonymous_4)","decl":{"start":{"line":22,"column":9},"end":{"line":22,"column":10}},"loc":{"start":{"line":22,"column":21},"end":{"line":38,"column":3}},"line":22},"5":{"name":"(anonymous_5)","decl":{"start":{"line":28,"column":16},"end":{"line":28,"column":17}},"loc":{"start":{"line":28,"column":23},"end":{"line":34,"column":11}},"line":28},"6":{"name":"(anonymous_6)","decl":{"start":{"line":35,"column":17},"end":{"line":35,"column":18}},"loc":{"start":{"line":35,"column":24},"end":{"line":37,"column":11}},"line":35}},"branchMap":{"0":{"loc":{"start":{"line":32,"column":38},"end":{"line":33,"column":37}},"type":"cond-expr","locations":[{"start":{"line":33,"column":14},"end":{"line":33,"column":22}},{"start":{"line":33,"column":25},"end":{"line":33,"column":37}}],"line":32}},"s":{"0":2,"1":2,"2":2,"3":1,"4":2,"5":1,"6":2,"7":0,"8":2,"9":1,"10":1,"11":1,"12":1,"13":1,"14":0},"f":{"0":1,"1":1,"2":0,"3":1,"4":1,"5":1,"6":0},"b":{"0":[0,1]},"_coverageSchema":"332fd63041d2c1bcb487cc26dd0d5f7d97098a6c","hash":"c0562f8e81ffcd9dbc2960bf78be8c7cc9056187"}
,"/home/primayudha/Documents/Hacktiv8/Dofin/Dofin/src/actions/categoryAction.js": {"path":"/home/primayudha/Documents/Hacktiv8/Dofin/Dofin/src/actions/categoryAction.js","statementMap":{"0":{"start":{"line":3,"column":13},"end":{"line":3,"column":70}},"1":{"start":{"line":4,"column":18},"end":{"line":4,"column":44}},"2":{"start":{"line":6,"column":28},"end":{"line":9,"column":2}},"3":{"start":{"line":6,"column":37},"end":{"line":9,"column":1}},"4":{"start":{"line":11,"column":27},"end":{"line":14,"column":2}},"5":{"start":{"line":11,"column":36},"end":{"line":14,"column":1}},"6":{"start":{"line":16,"column":30},"end":{"line":19,"column":2}},"7":{"start":{"line":16,"column":39},"end":{"line":19,"column":1}},"8":{"start":{"line":21,"column":30},"end":{"line":24,"column":2}},"9":{"start":{"line":21,"column":39},"end":{"line":24,"column":1}},"10":{"start":{"line":26,"column":35},"end":{"line":35,"column":1}},"11":{"start":{"line":27,"column":2},"end":{"line":34,"column":43}},"12":{"start":{"line":28,"column":4},"end":{"line":34,"column":43}},"13":{"start":{"line":33,"column":22},"end":{"line":33,"column":59}},"14":{"start":{"line":34,"column":18},"end":{"line":34,"column":42}},"15":{"start":{"line":37,"column":34},"end":{"line":42,"column":1}},"16":{"start":{"line":38,"column":2},"end":{"line":41,"column":43}},"17":{"start":{"line":39,"column":4},"end":{"line":41,"column":43}},"18":{"start":{"line":40,"column":22},"end":{"line":40,"column":58}},"19":{"start":{"line":41,"column":18},"end":{"line":41,"column":42}},"20":{"start":{"line":44,"column":37},"end":{"line":54,"column":1}},"21":{"start":{"line":45,"column":2},"end":{"line":53,"column":43}},"22":{"start":{"line":46,"column":4},"end":{"line":53,"column":43}},"23":{"start":{"line":52,"column":22},"end":{"line":52,"column":61}},"24":{"start":{"line":53,"column":18},"end":{"line":53,"column":42}},"25":{"start":{"line":56,"column":37},"end":{"line":63,"column":1}},"26":{"start":{"line":57,"column":2},"end":{"line":62,"column":43}},"27":{"start":{"line":58,"column":4},"end":{"line":62,"column":43}},"28":{"start":{"line":61,"column":22},"end":{"line":61,"column":61}},"29":{"start":{"line":62,"column":18},"end":{"line":62,"column":42}}},"fnMap":{"0":{"name":"(anonymous_0)","decl":{"start":{"line":6,"column":28},"end":{"line":6,"column":29}},"loc":{"start":{"line":6,"column":37},"end":{"line":9,"column":1}},"line":6},"1":{"name":"(anonymous_1)","decl":{"start":{"line":11,"column":27},"end":{"line":11,"column":28}},"loc":{"start":{"line":11,"column":36},"end":{"line":14,"column":1}},"line":11},"2":{"name":"(anonymous_2)","decl":{"start":{"line":16,"column":30},"end":{"line":16,"column":31}},"loc":{"start":{"line":16,"column":39},"end":{"line":19,"column":1}},"line":16},"3":{"name":"(anonymous_3)","decl":{"start":{"line":21,"column":30},"end":{"line":21,"column":31}},"loc":{"start":{"line":21,"column":39},"end":{"line":24,"column":1}},"line":21},"4":{"name":"(anonymous_4)","decl":{"start":{"line":26,"column":35},"end":{"line":26,"column":36}},"loc":{"start":{"line":26,"column":43},"end":{"line":35,"column":1}},"line":26},"5":{"name":"(anonymous_5)","decl":{"start":{"line":27,"column":9},"end":{"line":27,"column":10}},"loc":{"start":{"line":28,"column":4},"end":{"line":34,"column":43}},"line":28},"6":{"name":"(anonymous_6)","decl":{"start":{"line":33,"column":10},"end":{"line":33,"column":11}},"loc":{"start":{"line":33,"column":22},"end":{"line":33,"column":59}},"line":33},"7":{"name":"(anonymous_7)","decl":{"start":{"line":34,"column":11},"end":{"line":34,"column":12}},"loc":{"start":{"line":34,"column":18},"end":{"line":34,"column":42}},"line":34},"8":{"name":"(anonymous_8)","decl":{"start":{"line":37,"column":34},"end":{"line":37,"column":35}},"loc":{"start":{"line":37,"column":42},"end":{"line":42,"column":1}},"line":37},"9":{"name":"(anonymous_9)","decl":{"start":{"line":38,"column":9},"end":{"line":38,"column":10}},"loc":{"start":{"line":39,"column":4},"end":{"line":41,"column":43}},"line":39},"10":{"name":"(anonymous_10)","decl":{"start":{"line":40,"column":10},"end":{"line":40,"column":11}},"loc":{"start":{"line":40,"column":22},"end":{"line":40,"column":58}},"line":40},"11":{"name":"(anonymous_11)","decl":{"start":{"line":41,"column":11},"end":{"line":41,"column":12}},"loc":{"start":{"line":41,"column":18},"end":{"line":41,"column":42}},"line":41},"12":{"name":"(anonymous_12)","decl":{"start":{"line":44,"column":37},"end":{"line":44,"column":38}},"loc":{"start":{"line":44,"column":45},"end":{"line":54,"column":1}},"line":44},"13":{"name":"(anonymous_13)","decl":{"start":{"line":45,"column":9},"end":{"line":45,"column":10}},"loc":{"start":{"line":46,"column":4},"end":{"line":53,"column":43}},"line":46},"14":{"name":"(anonymous_14)","decl":{"start":{"line":52,"column":10},"end":{"line":52,"column":11}},"loc":{"start":{"line":52,"column":22},"end":{"line":52,"column":61}},"line":52},"15":{"name":"(anonymous_15)","decl":{"start":{"line":53,"column":11},"end":{"line":53,"column":12}},"loc":{"start":{"line":53,"column":18},"end":{"line":53,"column":42}},"line":53},"16":{"name":"(anonymous_16)","decl":{"start":{"line":56,"column":37},"end":{"line":56,"column":38}},"loc":{"start":{"line":56,"column":45},"end":{"line":63,"column":1}},"line":56},"17":{"name":"(anonymous_17)","decl":{"start":{"line":57,"column":9},"end":{"line":57,"column":10}},"loc":{"start":{"line":58,"column":4},"end":{"line":62,"column":43}},"line":58},"18":{"name":"(anonymous_18)","decl":{"start":{"line":61,"column":10},"end":{"line":61,"column":11}},"loc":{"start":{"line":61,"column":22},"end":{"line":61,"column":61}},"line":61},"19":{"name":"(anonymous_19)","decl":{"start":{"line":62,"column":11},"end":{"line":62,"column":12}},"loc":{"start":{"line":62,"column":18},"end":{"line":62,"column":42}},"line":62}},"branchMap":{},"s":{"0":2,"1":2,"2":2,"3":0,"4":2,"5":0,"6":2,"7":0,"8":2,"9":0,"10":2,"11":0,"12":0,"13":0,"14":0,"15":2,"16":0,"17":0,"18":0,"19":0,"20":2,"21":0,"22":0,"23":0,"24":0,"25":2,"26":0,"27":0,"28":0,"29":0},"f":{"0":0,"1":0,"2":0,"3":0,"4":0,"5":0,"6":0,"7":0,"8":0,"9":0,"10":0,"11":0,"12":0,"13":0,"14":0,"15":0,"16":0,"17":0,"18":0,"19":0},"b":{},"_coverageSchema":"332fd63041d2c1bcb487cc26dd0d5f7d97098a6c","hash":"d224c4e28b67bada33f61eb238dc7d6389342bc2"}
,"/home/primayudha/Documents/Hacktiv8/Dofin/Dofin/src/actions/constants.js": {"path":"/home/primayudha/Documents/Hacktiv8/Dofin/Dofin/src/actions/constants.js","statementMap":{"0":{"start":{"line":1,"column":34},"end":{"line":1,"column":46}},"1":{"start":{"line":2,"column":34},"end":{"line":2,"column":46}},"2":{"start":{"line":3,"column":34},"end":{"line":3,"column":45}},"3":{"start":{"line":4,"column":34},"end":{"line":4,"column":45}},"4":{"start":{"line":5,"column":34},"end":{"line":5,"column":44}},"5":{"start":{"line":6,"column":34},"end":{"line":6,"column":48}},"6":{"start":{"line":7,"column":34},"end":{"line":7,"column":48}},"7":{"start":{"line":8,"column":34},"end":{"line":8,"column":53}},"8":{"start":{"line":9,"column":34},"end":{"line":9,"column":54}},"9":{"start":{"line":10,"column":34},"end":{"line":10,"column":48}},"10":{"start":{"line":11,"column":34},"end":{"line":11,"column":48}},"11":{"start":{"line":12,"column":34},"end":{"line":12,"column":51}},"12":{"start":{"line":13,"column":34},"end":{"line":13,"column":51}},"13":{"start":{"line":14,"column":46},"end":{"line":14,"column":75}},"14":{"start":{"line":15,"column":34},"end":{"line":15,"column":46}},"15":{"start":{"line":16,"column":34},"end":{"line":16,"column":47}},"16":{"start":{"line":17,"column":43},"end":{"line":17,"column":72}},"17":{"start":{"line":18,"column":34},"end":{"line":18,"column":44}},"18":{"start":{"line":19,"column":34},"end":{"line":19,"column":44}},"19":{"start":{"line":20,"column":34},"end":{"line":20,"column":47}},"20":{"start":{"line":21,"column":34},"end":{"line":21,"column":50}},"21":{"start":{"line":22,"column":34},"end":{"line":22,"column":53}},"22":{"start":{"line":23,"column":34},"end":{"line":23,"column":53}}},"fnMap":{},"branchMap":{},"s":{"0":10,"1":10,"2":10,"3":10,"4":10,"5":10,"6":10,"7":10,"8":10,"9":10,"10":10,"11":10,"12":10,"13":10,"14":10,"15":10,"16":10,"17":10,"18":10,"19":10,"20":10,"21":10,"22":10},"f":{},"b":{},"_coverageSchema":"332fd63041d2c1bcb487cc26dd0d5f7d97098a6c","hash":"8418c7b737382b8db8ba635babe02c17eebed0b5"}
,"/home/primayudha/Documents/Hacktiv8/Dofin/Dofin/src/actions/dreamAction.js": {"path":"/home/primayudha/Documents/Hacktiv8/Dofin/Dofin/src/actions/dreamAction.js","statementMap":{"0":{"start":{"line":3,"column":13},"end":{"line":3,"column":70}},"1":{"start":{"line":4,"column":18},"end":{"line":4,"column":44}},"2":{"start":{"line":6,"column":25},"end":{"line":9,"column":2}},"3":{"start":{"line":6,"column":34},"end":{"line":9,"column":1}},"4":{"start":{"line":11,"column":24},"end":{"line":14,"column":2}},"5":{"start":{"line":11,"column":33},"end":{"line":14,"column":1}},"6":{"start":{"line":16,"column":27},"end":{"line":19,"column":2}},"7":{"start":{"line":16,"column":36},"end":{"line":19,"column":1}},"8":{"start":{"line":21,"column":27},"end":{"line":24,"column":2}},"9":{"start":{"line":21,"column":36},"end":{"line":24,"column":1}},"10":{"start":{"line":27,"column":28},"end":{"line":37,"column":1}},"11":{"start":{"line":28,"column":2},"end":{"line":36,"column":43}},"12":{"start":{"line":29,"column":4},"end":{"line":36,"column":43}},"13":{"start":{"line":35,"column":22},"end":{"line":35,"column":56}},"14":{"start":{"line":36,"column":18},"end":{"line":36,"column":42}},"15":{"start":{"line":39,"column":31},"end":{"line":44,"column":1}},"16":{"start":{"line":40,"column":2},"end":{"line":43,"column":43}},"17":{"start":{"line":41,"column":4},"end":{"line":43,"column":43}},"18":{"start":{"line":42,"column":22},"end":{"line":42,"column":55}},"19":{"start":{"line":43,"column":18},"end":{"line":43,"column":42}},"20":{"start":{"line":46,"column":34},"end":{"line":57,"column":1}},"21":{"start":{"line":47,"column":2},"end":{"line":56,"column":43}},"22":{"start":{"line":48,"column":4},"end":{"line":56,"column":43}},"23":{"start":{"line":55,"column":22},"end":{"line":55,"column":58}},"24":{"start":{"line":56,"column":18},"end":{"line":56,"column":42}},"25":{"start":{"line":59,"column":34},"end":{"line":64,"column":1}},"26":{"start":{"line":60,"column":2},"end":{"line":63,"column":43}},"27":{"start":{"line":61,"column":4},"end":{"line":63,"column":43}},"28":{"start":{"line":62,"column":22},"end":{"line":62,"column":58}},"29":{"start":{"line":63,"column":18},"end":{"line":63,"column":42}}},"fnMap":{"0":{"name":"(anonymous_0)","decl":{"start":{"line":6,"column":25},"end":{"line":6,"column":26}},"loc":{"start":{"line":6,"column":34},"end":{"line":9,"column":1}},"line":6},"1":{"name":"(anonymous_1)","decl":{"start":{"line":11,"column":24},"end":{"line":11,"column":25}},"loc":{"start":{"line":11,"column":33},"end":{"line":14,"column":1}},"line":11},"2":{"name":"(anonymous_2)","decl":{"start":{"line":16,"column":27},"end":{"line":16,"column":28}},"loc":{"start":{"line":16,"column":36},"end":{"line":19,"column":1}},"line":16},"3":{"name":"(anonymous_3)","decl":{"start":{"line":21,"column":27},"end":{"line":21,"column":28}},"loc":{"start":{"line":21,"column":36},"end":{"line":24,"column":1}},"line":21},"4":{"name":"(anonymous_4)","decl":{"start":{"line":27,"column":28},"end":{"line":27,"column":29}},"loc":{"start":{"line":27,"column":36},"end":{"line":37,"column":1}},"line":27},"5":{"name":"(anonymous_5)","decl":{"start":{"line":28,"column":9},"end":{"line":28,"column":10}},"loc":{"start":{"line":29,"column":4},"end":{"line":36,"column":43}},"line":29},"6":{"name":"(anonymous_6)","decl":{"start":{"line":35,"column":10},"end":{"line":35,"column":11}},"loc":{"start":{"line":35,"column":22},"end":{"line":35,"column":56}},"line":35},"7":{"name":"(anonymous_7)","decl":{"start":{"line":36,"column":11},"end":{"line":36,"column":12}},"loc":{"start":{"line":36,"column":18},"end":{"line":36,"column":42}},"line":36},"8":{"name":"(anonymous_8)","decl":{"start":{"line":39,"column":31},"end":{"line":39,"column":32}},"loc":{"start":{"line":39,"column":37},"end":{"line":44,"column":1}},"line":39},"9":{"name":"(anonymous_9)","decl":{"start":{"line":40,"column":9},"end":{"line":40,"column":10}},"loc":{"start":{"line":41,"column":4},"end":{"line":43,"column":43}},"line":41},"10":{"name":"(anonymous_10)","decl":{"start":{"line":42,"column":10},"end":{"line":42,"column":11}},"loc":{"start":{"line":42,"column":22},"end":{"line":42,"column":55}},"line":42},"11":{"name":"(anonymous_11)","decl":{"start":{"line":43,"column":11},"end":{"line":43,"column":12}},"loc":{"start":{"line":43,"column":18},"end":{"line":43,"column":42}},"line":43},"12":{"name":"(anonymous_12)","decl":{"start":{"line":46,"column":34},"end":{"line":46,"column":35}},"loc":{"start":{"line":46,"column":42},"end":{"line":57,"column":1}},"line":46},"13":{"name":"(anonymous_13)","decl":{"start":{"line":47,"column":9},"end":{"line":47,"column":10}},"loc":{"start":{"line":48,"column":4},"end":{"line":56,"column":43}},"line":48},"14":{"name":"(anonymous_14)","decl":{"start":{"line":55,"column":10},"end":{"line":55,"column":11}},"loc":{"start":{"line":55,"column":22},"end":{"line":55,"column":58}},"line":55},"15":{"name":"(anonymous_15)","decl":{"start":{"line":56,"column":11},"end":{"line":56,"column":12}},"loc":{"start":{"line":56,"column":18},"end":{"line":56,"column":42}},"line":56},"16":{"name":"(anonymous_16)","decl":{"start":{"line":59,"column":34},"end":{"line":59,"column":35}},"loc":{"start":{"line":59,"column":42},"end":{"line":64,"column":1}},"line":59},"17":{"name":"(anonymous_17)","decl":{"start":{"line":60,"column":9},"end":{"line":60,"column":10}},"loc":{"start":{"line":61,"column":4},"end":{"line":63,"column":43}},"line":61},"18":{"name":"(anonymous_18)","decl":{"start":{"line":62,"column":10},"end":{"line":62,"column":11}},"loc":{"start":{"line":62,"column":22},"end":{"line":62,"column":58}},"line":62},"19":{"name":"(anonymous_19)","decl":{"start":{"line":63,"column":11},"end":{"line":63,"column":12}},"loc":{"start":{"line":63,"column":18},"end":{"line":63,"column":42}},"line":63}},"branchMap":{},"s":{"0":2,"1":2,"2":2,"3":0,"4":2,"5":0,"6":2,"7":0,"8":2,"9":0,"10":2,"11":0,"12":0,"13":0,"14":0,"15":2,"16":0,"17":0,"18":0,"19":0,"20":2,"21":0,"22":0,"23":0,"24":0,"25":2,"26":0,"27":0,"28":0,"29":0},"f":{"0":0,"1":0,"2":0,"3":0,"4":0,"5":0,"6":0,"7":0,"8":0,"9":0,"10":0,"11":0,"12":0,"13":0,"14":0,"15":0,"16":0,"17":0,"18":0,"19":0},"b":{},"_coverageSchema":"332fd63041d2c1bcb487cc26dd0d5f7d97098a6c","hash":"c1067516ecdcf22b576b91f3830c0c5053ccec6b"}
,"/home/primayudha/Documents/Hacktiv8/Dofin/Dofin/src/actions/expenseAction.js": {"path":"/home/primayudha/Documents/Hacktiv8/Dofin/Dofin/src/actions/expenseAction.js","statementMap":{"0":{"start":{"line":3,"column":13},"end":{"line":3,"column":70}},"1":{"start":{"line":4,"column":18},"end":{"line":4,"column":44}},"2":{"start":{"line":7,"column":2},"end":{"line":7,"column":53}},"3":{"start":{"line":10,"column":27},"end":{"line":13,"column":2}},"4":{"start":{"line":10,"column":36},"end":{"line":13,"column":1}},"5":{"start":{"line":15,"column":44},"end":{"line":18,"column":2}},"6":{"start":{"line":15,"column":53},"end":{"line":18,"column":1}},"7":{"start":{"line":20,"column":30},"end":{"line":23,"column":2}},"8":{"start":{"line":20,"column":39},"end":{"line":23,"column":1}},"9":{"start":{"line":26,"column":34},"end":{"line":29,"column":2}},"10":{"start":{"line":26,"column":43},"end":{"line":29,"column":1}},"11":{"start":{"line":31,"column":37},"end":{"line":34,"column":2}},"12":{"start":{"line":31,"column":46},"end":{"line":34,"column":1}},"13":{"start":{"line":36,"column":33},"end":{"line":39,"column":2}},"14":{"start":{"line":36,"column":40},"end":{"line":39,"column":1}},"15":{"start":{"line":41,"column":35},"end":{"line":44,"column":2}},"16":{"start":{"line":41,"column":42},"end":{"line":44,"column":1}},"17":{"start":{"line":45,"column":48},"end":{"line":48,"column":2}},"18":{"start":{"line":45,"column":57},"end":{"line":48,"column":1}},"19":{"start":{"line":50,"column":30},"end":{"line":71,"column":1}},"20":{"start":{"line":51,"column":2},"end":{"line":70,"column":6}},"21":{"start":{"line":52,"column":4},"end":{"line":70,"column":6}},"22":{"start":{"line":63,"column":6},"end":{"line":65,"column":54}},"23":{"start":{"line":69,"column":6},"end":{"line":69,"column":46}},"24":{"start":{"line":73,"column":52},"end":{"line":76,"column":2}},"25":{"start":{"line":73,"column":61},"end":{"line":76,"column":1}},"26":{"start":{"line":78,"column":33},"end":{"line":87,"column":1}},"27":{"start":{"line":79,"column":2},"end":{"line":86,"column":4}},"28":{"start":{"line":80,"column":18},"end":{"line":84,"column":5}},"29":{"start":{"line":85,"column":4},"end":{"line":85,"column":18}},"30":{"start":{"line":89,"column":45},"end":{"line":102,"column":1}},"31":{"start":{"line":90,"column":2},"end":{"line":101,"column":6}},"32":{"start":{"line":91,"column":4},"end":{"line":101,"column":6}},"33":{"start":{"line":94,"column":6},"end":{"line":96,"column":69}},"34":{"start":{"line":100,"column":6},"end":{"line":100,"column":46}},"35":{"start":{"line":104,"column":45},"end":{"line":113,"column":1}},"36":{"start":{"line":105,"column":2},"end":{"line":108,"column":3}},"37":{"start":{"line":115,"column":37},"end":{"line":120,"column":1}},"38":{"start":{"line":116,"column":2},"end":{"line":119,"column":43}},"39":{"start":{"line":117,"column":4},"end":{"line":119,"column":43}},"40":{"start":{"line":118,"column":22},"end":{"line":118,"column":61}},"41":{"start":{"line":119,"column":18},"end":{"line":119,"column":42}},"42":{"start":{"line":122,"column":52},"end":{"line":127,"column":1}},"43":{"start":{"line":123,"column":2},"end":{"line":126,"column":43}},"44":{"start":{"line":124,"column":4},"end":{"line":126,"column":43}},"45":{"start":{"line":125,"column":22},"end":{"line":125,"column":79}},"46":{"start":{"line":126,"column":18},"end":{"line":126,"column":42}}},"fnMap":{"0":{"name":"isError","decl":{"start":{"line":6,"column":9},"end":{"line":6,"column":16}},"loc":{"start":{"line":6,"column":23},"end":{"line":8,"column":1}},"line":6},"1":{"name":"(anonymous_1)","decl":{"start":{"line":10,"column":27},"end":{"line":10,"column":28}},"loc":{"start":{"line":10,"column":36},"end":{"line":13,"column":1}},"line":10},"2":{"name":"(anonymous_2)","decl":{"start":{"line":15,"column":44},"end":{"line":15,"column":45}},"loc":{"start":{"line":15,"column":53},"end":{"line":18,"column":1}},"line":15},"3":{"name":"(anonymous_3)","decl":{"start":{"line":20,"column":30},"end":{"line":20,"column":31}},"loc":{"start":{"line":20,"column":39},"end":{"line":23,"column":1}},"line":20},"4":{"name":"(anonymous_4)","decl":{"start":{"line":26,"column":34},"end":{"line":26,"column":35}},"loc":{"start":{"line":26,"column":43},"end":{"line":29,"column":1}},"line":26},"5":{"name":"(anonymous_5)","decl":{"start":{"line":31,"column":37},"end":{"line":31,"column":38}},"loc":{"start":{"line":31,"column":46},"end":{"line":34,"column":1}},"line":31},"6":{"name":"(anonymous_6)","decl":{"start":{"line":36,"column":33},"end":{"line":36,"column":34}},"loc":{"start":{"line":36,"column":40},"end":{"line":39,"column":1}},"line":36},"7":{"name":"(anonymous_7)","decl":{"start":{"line":41,"column":35},"end":{"line":41,"column":36}},"loc":{"start":{"line":41,"column":42},"end":{"line":44,"column":1}},"line":41},"8":{"name":"(anonymous_8)","decl":{"start":{"line":45,"column":48},"end":{"line":45,"column":49}},"loc":{"start":{"line":45,"column":57},"end":{"line":48,"column":1}},"line":45},"9":{"name":"(anonymous_9)","decl":{"start":{"line":50,"column":30},"end":{"line":50,"column":31}},"loc":{"start":{"line":50,"column":38},"end":{"line":71,"column":1}},"line":50},"10":{"name":"(anonymous_10)","decl":{"start":{"line":51,"column":9},"end":{"line":51,"column":10}},"loc":{"start":{"line":52,"column":4},"end":{"line":70,"column":6}},"line":52},"11":{"name":"(anonymous_11)","decl":{"start":{"line":61,"column":10},"end":{"line":61,"column":11}},"loc":{"start":{"line":61,"column":22},"end":{"line":66,"column":5}},"line":61},"12":{"name":"(anonymous_12)","decl":{"start":{"line":67,"column":11},"end":{"line":67,"column":12}},"loc":{"start":{"line":67,"column":18},"end":{"line":70,"column":5}},"line":67},"13":{"name":"(anonymous_13)","decl":{"start":{"line":73,"column":52},"end":{"line":73,"column":53}},"loc":{"start":{"line":73,"column":61},"end":{"line":76,"column":1}},"line":73},"14":{"name":"(anonymous_14)","decl":{"start":{"line":78,"column":33},"end":{"line":78,"column":34}},"loc":{"start":{"line":78,"column":41},"end":{"line":87,"column":1}},"line":78},"15":{"name":"(anonymous_15)","decl":{"start":{"line":79,"column":18},"end":{"line":79,"column":19}},"loc":{"start":{"line":79,"column":26},"end":{"line":86,"column":3}},"line":79},"16":{"name":"(anonymous_16)","decl":{"start":{"line":89,"column":45},"end":{"line":89,"column":46}},"loc":{"start":{"line":89,"column":53},"end":{"line":102,"column":1}},"line":89},"17":{"name":"(anonymous_17)","decl":{"start":{"line":90,"column":9},"end":{"line":90,"column":10}},"loc":{"start":{"line":91,"column":4},"end":{"line":101,"column":6}},"line":91},"18":{"name":"(anonymous_18)","decl":{"start":{"line":92,"column":10},"end":{"line":92,"column":11}},"loc":{"start":{"line":92,"column":22},"end":{"line":97,"column":5}},"line":92},"19":{"name":"(anonymous_19)","decl":{"start":{"line":98,"column":11},"end":{"line":98,"column":12}},"loc":{"start":{"line":98,"column":18},"end":{"line":101,"column":5}},"line":98},"20":{"name":"(anonymous_20)","decl":{"start":{"line":104,"column":45},"end":{"line":104,"column":46}},"loc":{"start":{"line":104,"column":51},"end":{"line":113,"column":1}},"line":104},"21":{"name":"(anonymous_21)","decl":{"start":{"line":115,"column":37},"end":{"line":115,"column":38}},"loc":{"start":{"line":115,"column":43},"end":{"line":120,"column":1}},"line":115},"22":{"name":"(anonymous_22)","decl":{"start":{"line":116,"column":9},"end":{"line":116,"column":10}},"loc":{"start":{"line":117,"column":4},"end":{"line":119,"column":43}},"line":117},"23":{"name":"(anonymous_23)","decl":{"start":{"line":118,"column":10},"end":{"line":118,"column":11}},"loc":{"start":{"line":118,"column":22},"end":{"line":118,"column":61}},"line":118},"24":{"name":"(anonymous_24)","decl":{"start":{"line":119,"column":11},"end":{"line":119,"column":12}},"loc":{"start":{"line":119,"column":18},"end":{"line":119,"column":42}},"line":119},"25":{"name":"(anonymous_25)","decl":{"start":{"line":122,"column":52},"end":{"line":122,"column":53}},"loc":{"start":{"line":122,"column":58},"end":{"line":127,"column":1}},"line":122},"26":{"name":"(anonymous_26)","decl":{"start":{"line":123,"column":9},"end":{"line":123,"column":10}},"loc":{"start":{"line":124,"column":4},"end":{"line":126,"column":43}},"line":124},"27":{"name":"(anonymous_27)","decl":{"start":{"line":125,"column":10},"end":{"line":125,"column":11}},"loc":{"start":{"line":125,"column":22},"end":{"line":125,"column":79}},"line":125},"28":{"name":"(anonymous_28)","decl":{"start":{"line":126,"column":11},"end":{"line":126,"column":12}},"loc":{"start":{"line":126,"column":18},"end":{"line":126,"column":42}},"line":126}},"branchMap":{"0":{"loc":{"start":{"line":7,"column":9},"end":{"line":7,"column":53}},"type":"cond-expr","locations":[{"start":{"line":7,"column":41},"end":{"line":7,"column":45}},{"start":{"line":7,"column":48},"end":{"line":7,"column":53}}],"line":7},"1":{"loc":{"start":{"line":63,"column":13},"end":{"line":65,"column":54}},"type":"cond-expr","locations":[{"start":{"line":64,"column":8},"end":{"line":64,"column":41}},{"start":{"line":65,"column":8},"end":{"line":65,"column":54}}],"line":63},"2":{"loc":{"start":{"line":94,"column":13},"end":{"line":96,"column":69}},"type":"cond-expr","locations":[{"start":{"line":95,"column":8},"end":{"line":95,"column":41}},{"start":{"line":96,"column":8},"end":{"line":96,"column":69}}],"line":94}},"s":{"0":2,"1":2,"2":0,"3":2,"4":0,"5":2,"6":0,"7":2,"8":0,"9":2,"10":0,"11":2,"12":0,"13":2,"14":0,"15":2,"16":0,"17":2,"18":0,"19":2,"20":0,"21":0,"22":0,"23":0,"24":2,"25":0,"26":2,"27":0,"28":0,"29":0,"30":2,"31":0,"32":0,"33":0,"34":0,"35":2,"36":0,"37":2,"38":0,"39":0,"40":0,"41":0,"42":2,"43":0,"44":0,"45":0,"46":0},"f":{"0":0,"1":0,"2":0,"3":0,"4":0,"5":0,"6":0,"7":0,"8":0,"9":0,"10":0,"11":0,"12":0,"13":0,"14":0,"15":0,"16":0,"17":0,"18":0,"19":0,"20":0,"21":0,"22":0,"23":0,"24":0,"25":0,"26":0,"27":0,"28":0},"b":{"0":[0,0],"1":[0,0],"2":[0,0]},"_coverageSchema":"332fd63041d2c1bcb487cc26dd0d5f7d97098a6c","hash":"6c47bcc1b1f9af73372d07db02444871f22ada2b"}
,"/home/primayudha/Documents/Hacktiv8/Dofin/Dofin/src/actions/incomeAction.js": {"path":"/home/primayudha/Documents/Hacktiv8/Dofin/Dofin/src/actions/incomeAction.js","statementMap":{"0":{"start":{"line":3,"column":13},"end":{"line":3,"column":70}},"1":{"start":{"line":4,"column":18},"end":{"line":4,"column":44}},"2":{"start":{"line":6,"column":26},"end":{"line":9,"column":2}},"3":{"start":{"line":6,"column":35},"end":{"line":9,"column":1}},"4":{"start":{"line":11,"column":25},"end":{"line":14,"column":2}},"5":{"start":{"line":11,"column":34},"end":{"line":14,"column":1}},"6":{"start":{"line":16,"column":29},"end":{"line":27,"column":1}},"7":{"start":{"line":17,"column":2},"end":{"line":26,"column":43}},"8":{"start":{"line":18,"column":4},"end":{"line":26,"column":43}},"9":{"start":{"line":25,"column":22},"end":{"line":25,"column":57}},"10":{"start":{"line":26,"column":18},"end":{"line":26,"column":42}},"11":{"start":{"line":29,"column":32},"end":{"line":34,"column":1}},"12":{"start":{"line":30,"column":2},"end":{"line":33,"column":43}},"13":{"start":{"line":31,"column":4},"end":{"line":33,"column":43}},"14":{"start":{"line":32,"column":22},"end":{"line":32,"column":56}},"15":{"start":{"line":33,"column":18},"end":{"line":33,"column":42}}},"fnMap":{"0":{"name":"(anonymous_0)","decl":{"start":{"line":6,"column":26},"end":{"line":6,"column":27}},"loc":{"start":{"line":6,"column":35},"end":{"line":9,"column":1}},"line":6},"1":{"name":"(anonymous_1)","decl":{"start":{"line":11,"column":25},"end":{"line":11,"column":26}},"loc":{"start":{"line":11,"column":34},"end":{"line":14,"column":1}},"line":11},"2":{"name":"(anonymous_2)","decl":{"start":{"line":16,"column":29},"end":{"line":16,"column":30}},"loc":{"start":{"line":16,"column":37},"end":{"line":27,"column":1}},"line":16},"3":{"name":"(anonymous_3)","decl":{"start":{"line":17,"column":9},"end":{"line":17,"column":10}},"loc":{"start":{"line":18,"column":4},"end":{"line":26,"column":43}},"line":18},"4":{"name":"(anonymous_4)","decl":{"start":{"line":25,"column":10},"end":{"line":25,"column":11}},"loc":{"start":{"line":25,"column":22},"end":{"line":25,"column":57}},"line":25},"5":{"name":"(anonymous_5)","decl":{"start":{"line":26,"column":11},"end":{"line":26,"column":12}},"loc":{"start":{"line":26,"column":18},"end":{"line":26,"column":42}},"line":26},"6":{"name":"(anonymous_6)","decl":{"start":{"line":29,"column":32},"end":{"line":29,"column":33}},"loc":{"start":{"line":29,"column":38},"end":{"line":34,"column":1}},"line":29},"7":{"name":"(anonymous_7)","decl":{"start":{"line":30,"column":9},"end":{"line":30,"column":10}},"loc":{"start":{"line":31,"column":4},"end":{"line":33,"column":43}},"line":31},"8":{"name":"(anonymous_8)","decl":{"start":{"line":32,"column":10},"end":{"line":32,"column":11}},"loc":{"start":{"line":32,"column":22},"end":{"line":32,"column":56}},"line":32},"9":{"name":"(anonymous_9)","decl":{"start":{"line":33,"column":11},"end":{"line":33,"column":12}},"loc":{"start":{"line":33,"column":18},"end":{"line":33,"column":42}},"line":33}},"branchMap":{},"s":{"0":2,"1":2,"2":2,"3":0,"4":2,"5":0,"6":2,"7":0,"8":0,"9":0,"10":0,"11":2,"12":0,"13":0,"14":0,"15":0},"f":{"0":0,"1":0,"2":0,"3":0,"4":0,"5":0,"6":0,"7":0,"8":0,"9":0},"b":{},"_coverageSchema":"332fd63041d2c1bcb487cc26dd0d5f7d97098a6c","hash":"a5492910cc1e99f35da717431cb5878a3bb2fd4c"}
,"/home/primayudha/Documents/Hacktiv8/Dofin/Dofin/src/actions/index.js": {"path":"/home/primayudha/Documents/Hacktiv8/Dofin/Dofin/src/actions/index.js","statementMap":{},"fnMap":{},"branchMap":{},"s":{},"f":{},"b":{},"_coverageSchema":"332fd63041d2c1bcb487cc26dd0d5f7d97098a6c","hash":"38bf7327f33c013e98a0690051d7d75453edc45e"}
,"/home/primayudha/Documents/Hacktiv8/Dofin/Dofin/src/actions/notificationAction.js": {"path":"/home/primayudha/Documents/Hacktiv8/Dofin/Dofin/src/actions/notificationAction.js","statementMap":{"0":{"start":{"line":3,"column":13},"end":{"line":3,"column":70}},"1":{"start":{"line":4,"column":18},"end":{"line":4,"column":44}},"2":{"start":{"line":6,"column":25},"end":{"line":9,"column":2}},"3":{"start":{"line":6,"column":34},"end":{"line":9,"column":1}},"4":{"start":{"line":11,"column":24},"end":{"line":14,"column":2}},"5":{"start":{"line":11,"column":33},"end":{"line":14,"column":1}},"6":{"start":{"line":16,"column":28},"end":{"line":21,"column":1}},"7":{"start":{"line":17,"column":2},"end":{"line":20,"column":43}},"8":{"start":{"line":18,"column":4},"end":{"line":20,"column":43}},"9":{"start":{"line":19,"column":22},"end":{"line":19,"column":56}},"10":{"start":{"line":20,"column":18},"end":{"line":20,"column":42}},"11":{"start":{"line":23,"column":31},"end":{"line":28,"column":1}},"12":{"start":{"line":24,"column":2},"end":{"line":27,"column":43}},"13":{"start":{"line":25,"column":4},"end":{"line":27,"column":43}},"14":{"start":{"line":26,"column":22},"end":{"line":26,"column":55}},"15":{"start":{"line":27,"column":18},"end":{"line":27,"column":42}}},"fnMap":{"0":{"name":"(anonymous_0)","decl":{"start":{"line":6,"column":25},"end":{"line":6,"column":26}},"loc":{"start":{"line":6,"column":34},"end":{"line":9,"column":1}},"line":6},"1":{"name":"(anonymous_1)","decl":{"start":{"line":11,"column":24},"end":{"line":11,"column":25}},"loc":{"start":{"line":11,"column":33},"end":{"line":14,"column":1}},"line":11},"2":{"name":"(anonymous_2)","decl":{"start":{"line":16,"column":28},"end":{"line":16,"column":29}},"loc":{"start":{"line":16,"column":44},"end":{"line":21,"column":1}},"line":16},"3":{"name":"(anonymous_3)","decl":{"start":{"line":17,"column":9},"end":{"line":17,"column":10}},"loc":{"start":{"line":18,"column":4},"end":{"line":20,"column":43}},"line":18},"4":{"name":"(anonymous_4)","decl":{"start":{"line":19,"column":10},"end":{"line":19,"column":11}},"loc":{"start":{"line":19,"column":22},"end":{"line":19,"column":56}},"line":19},"5":{"name":"(anonymous_5)","decl":{"start":{"line":20,"column":11},"end":{"line":20,"column":12}},"loc":{"start":{"line":20,"column":18},"end":{"line":20,"column":42}},"line":20},"6":{"name":"(anonymous_6)","decl":{"start":{"line":23,"column":31},"end":{"line":23,"column":32}},"loc":{"start":{"line":23,"column":37},"end":{"line":28,"column":1}},"line":23},"7":{"name":"(anonymous_7)","decl":{"start":{"line":24,"column":9},"end":{"line":24,"column":10}},"loc":{"start":{"line":25,"column":4},"end":{"line":27,"column":43}},"line":25},"8":{"name":"(anonymous_8)","decl":{"start":{"line":26,"column":10},"end":{"line":26,"column":11}},"loc":{"start":{"line":26,"column":22},"end":{"line":26,"column":55}},"line":26},"9":{"name":"(anonymous_9)","decl":{"start":{"line":27,"column":11},"end":{"line":27,"column":12}},"loc":{"start":{"line":27,"column":18},"end":{"line":27,"column":42}},"line":27}},"branchMap":{},"s":{"0":2,"1":2,"2":2,"3":0,"4":2,"5":0,"6":2,"7":0,"8":0,"9":0,"10":0,"11":2,"12":0,"13":0,"14":0,"15":0},"f":{"0":0,"1":0,"2":0,"3":0,"4":0,"5":0,"6":0,"7":0,"8":0,"9":0},"b":{},"_coverageSchema":"332fd63041d2c1bcb487cc26dd0d5f7d97098a6c","hash":"753b156eba9c0d3dfc159ddad47492df2b70d03e"}
,"/home/primayudha/Documents/Hacktiv8/Dofin/Dofin/src/actions/placesAction.js": {"path":"/home/primayudha/Documents/Hacktiv8/Dofin/Dofin/src/actions/placesAction.js","statementMap":{"0":{"start":{"line":4,"column":22},"end":{"line":7,"column":2}},"1":{"start":{"line":4,"column":31},"end":{"line":7,"column":1}},"2":{"start":{"line":9,"column":29},"end":{"line":14,"column":1}},"3":{"start":{"line":10,"column":2},"end":{"line":13,"column":41}},"4":{"start":{"line":11,"column":2},"end":{"line":13,"column":41}},"5":{"start":{"line":12,"column":15},"end":{"line":12,"column":49}},"6":{"start":{"line":13,"column":16},"end":{"line":13,"column":40}}},"fnMap":{"0":{"name":"(anonymous_0)","decl":{"start":{"line":4,"column":22},"end":{"line":4,"column":23}},"loc":{"start":{"line":4,"column":31},"end":{"line":7,"column":1}},"line":4},"1":{"name":"(anonymous_1)","decl":{"start":{"line":9,"column":29},"end":{"line":9,"column":30}},"loc":{"start":{"line":9,"column":39},"end":{"line":14,"column":1}},"line":9},"2":{"name":"(anonymous_2)","decl":{"start":{"line":10,"column":9},"end":{"line":10,"column":10}},"loc":{"start":{"line":11,"column":2},"end":{"line":13,"column":41}},"line":11},"3":{"name":"(anonymous_3)","decl":{"start":{"line":12,"column":8},"end":{"line":12,"column":9}},"loc":{"start":{"line":12,"column":15},"end":{"line":12,"column":49}},"line":12},"4":{"name":"(anonymous_4)","decl":{"start":{"line":13,"column":9},"end":{"line":13,"column":10}},"loc":{"start":{"line":13,"column":16},"end":{"line":13,"column":40}},"line":13}},"branchMap":{},"s":{"0":2,"1":0,"2":2,"3":0,"4":0,"5":0,"6":0},"f":{"0":0,"1":0,"2":0,"3":0,"4":0},"b":{},"_coverageSchema":"332fd63041d2c1bcb487cc26dd0d5f7d97098a6c","hash":"f816600885a136cf8a6f5fd36b3149d6a950ad75"}
,"/home/primayudha/Documents/Hacktiv8/Dofin/Dofin/src/actions/userAction.js": {"path":"/home/primayudha/Documents/Hacktiv8/Dofin/Dofin/src/actions/userAction.js","statementMap":{"0":{"start":{"line":3,"column":13},"end":{"line":3,"column":70}},"1":{"start":{"line":4,"column":18},"end":{"line":4,"column":44}},"2":{"start":{"line":6,"column":24},"end":{"line":9,"column":2}},"3":{"start":{"line":6,"column":33},"end":{"line":9,"column":1}},"4":{"start":{"line":11,"column":23},"end":{"line":14,"column":2}},"5":{"start":{"line":11,"column":32},"end":{"line":14,"column":1}},"6":{"start":{"line":16,"column":22},"end":{"line":19,"column":2}},"7":{"start":{"line":16,"column":29},"end":{"line":19,"column":1}},"8":{"start":{"line":22,"column":29},"end":{"line":31,"column":1}},"9":{"start":{"line":23,"column":2},"end":{"line":30,"column":43}},"10":{"start":{"line":24,"column":4},"end":{"line":30,"column":43}},"11":{"start":{"line":29,"column":22},"end":{"line":29,"column":55}},"12":{"start":{"line":30,"column":18},"end":{"line":30,"column":42}},"13":{"start":{"line":33,"column":29},"end":{"line":41,"column":1}},"14":{"start":{"line":34,"column":2},"end":{"line":40,"column":43}},"15":{"start":{"line":35,"column":4},"end":{"line":40,"column":43}},"16":{"start":{"line":39,"column":22},"end":{"line":39,"column":54}},"17":{"start":{"line":40,"column":18},"end":{"line":40,"column":42}}},"fnMap":{"0":{"name":"(anonymous_0)","decl":{"start":{"line":6,"column":24},"end":{"line":6,"column":25}},"loc":{"start":{"line":6,"column":33},"end":{"line":9,"column":1}},"line":6},"1":{"name":"(anonymous_1)","decl":{"start":{"line":11,"column":23},"end":{"line":11,"column":24}},"loc":{"start":{"line":11,"column":32},"end":{"line":14,"column":1}},"line":11},"2":{"name":"(anonymous_2)","decl":{"start":{"line":16,"column":22},"end":{"line":16,"column":23}},"loc":{"start":{"line":16,"column":29},"end":{"line":19,"column":1}},"line":16},"3":{"name":"(anonymous_3)","decl":{"start":{"line":22,"column":29},"end":{"line":22,"column":30}},"loc":{"start":{"line":22,"column":37},"end":{"line":31,"column":1}},"line":22},"4":{"name":"(anonymous_4)","decl":{"start":{"line":23,"column":9},"end":{"line":23,"column":10}},"loc":{"start":{"line":24,"column":4},"end":{"line":30,"column":43}},"line":24},"5":{"name":"(anonymous_5)","decl":{"start":{"line":29,"column":10},"end":{"line":29,"column":11}},"loc":{"start":{"line":29,"column":22},"end":{"line":29,"column":55}},"line":29},"6":{"name":"(anonymous_6)","decl":{"start":{"line":30,"column":11},"end":{"line":30,"column":12}},"loc":{"start":{"line":30,"column":18},"end":{"line":30,"column":42}},"line":30},"7":{"name":"(anonymous_7)","decl":{"start":{"line":33,"column":29},"end":{"line":33,"column":30}},"loc":{"start":{"line":33,"column":37},"end":{"line":41,"column":1}},"line":33},"8":{"name":"(anonymous_8)","decl":{"start":{"line":34,"column":9},"end":{"line":34,"column":10}},"loc":{"start":{"line":35,"column":4},"end":{"line":40,"column":43}},"line":35},"9":{"name":"(anonymous_9)","decl":{"start":{"line":39,"column":10},"end":{"line":39,"column":11}},"loc":{"start":{"line":39,"column":22},"end":{"line":39,"column":54}},"line":39},"10":{"name":"(anonymous_10)","decl":{"start":{"line":40,"column":11},"end":{"line":40,"column":12}},"loc":{"start":{"line":40,"column":18},"end":{"line":40,"column":42}},"line":40}},"branchMap":{},"s":{"0":2,"1":2,"2":2,"3":0,"4":2,"5":0,"6":2,"7":0,"8":2,"9":0,"10":0,"11":0,"12":0,"13":2,"14":0,"15":0,"16":0,"17":0},"f":{"0":0,"1":0,"2":0,"3":0,"4":0,"5":0,"6":0,"7":0,"8":0,"9":0,"10":0},"b":{},"_coverageSchema":"332fd63041d2c1bcb487cc26dd0d5f7d97098a6c","hash":"87f9a5141d26220a8527bf889469c2d019f19b13"}
,"/home/primayudha/Documents/Hacktiv8/Dofin/Dofin/src/reducers/cameraReducer.js": {"path":"/home/primayudha/Documents/Hacktiv8/Dofin/Dofin/src/reducers/cameraReducer.js","statementMap":{"0":{"start":{"line":3,"column":21},"end":{"line":9,"column":1}},"1":{"start":{"line":11,"column":18},"end":{"line":17,"column":1}},"2":{"start":{"line":12,"column":17},"end":{"line":15,"column":3}},"3":{"start":{"line":16,"column":2},"end":{"line":16,"column":17}},"4":{"start":{"line":19,"column":19},"end":{"line":25,"column":1}},"5":{"start":{"line":20,"column":17},"end":{"line":23,"column":3}},"6":{"start":{"line":24,"column":2},"end":{"line":24,"column":17}},"7":{"start":{"line":27,"column":19},"end":{"line":33,"column":1}},"8":{"start":{"line":28,"column":17},"end":{"line":31,"column":3}},"9":{"start":{"line":32,"column":2},"end":{"line":32,"column":17}},"10":{"start":{"line":35,"column":22},"end":{"line":42,"column":1}},"11":{"start":{"line":36,"column":2},"end":{"line":41,"column":3}},"12":{"start":{"line":37,"column":33},"end":{"line":37,"column":65}},"13":{"start":{"line":38,"column":24},"end":{"line":38,"column":57}},"14":{"start":{"line":39,"column":24},"end":{"line":39,"column":57}},"15":{"start":{"line":40,"column":13},"end":{"line":40,"column":26}}},"fnMap":{"0":{"name":"(anonymous_0)","decl":{"start":{"line":11,"column":18},"end":{"line":11,"column":19}},"loc":{"start":{"line":11,"column":38},"end":{"line":17,"column":1}},"line":11},"1":{"name":"(anonymous_1)","decl":{"start":{"line":19,"column":19},"end":{"line":19,"column":20}},"loc":{"start":{"line":19,"column":39},"end":{"line":25,"column":1}},"line":19},"2":{"name":"(anonymous_2)","decl":{"start":{"line":27,"column":19},"end":{"line":27,"column":20}},"loc":{"start":{"line":27,"column":39},"end":{"line":33,"column":1}},"line":27},"3":{"name":"(anonymous_3)","decl":{"start":{"line":35,"column":22},"end":{"line":35,"column":23}},"loc":{"start":{"line":35,"column":67},"end":{"line":42,"column":1}},"line":35}},"branchMap":{"0":{"loc":{"start":{"line":35,"column":23},"end":{"line":35,"column":43}},"type":"default-arg","locations":[{"start":{"line":35,"column":31},"end":{"line":35,"column":43}}],"line":35},"1":{"loc":{"start":{"line":36,"column":2},"end":{"line":41,"column":3}},"type":"switch","locations":[{"start":{"line":37,"column":4},"end":{"line":37,"column":65}},{"start":{"line":38,"column":4},"end":{"line":38,"column":57}},{"start":{"line":39,"column":4},"end":{"line":39,"column":57}},{"start":{"line":40,"column":4},"end":{"line":40,"column":26}}],"line":36}},"s":{"0":1,"1":1,"2":1,"3":1,"4":1,"5":1,"6":1,"7":1,"8":1,"9":1,"10":1,"11":4,"12":1,"13":1,"14":1,"15":1},"f":{"0":1,"1":1,"2":1,"3":4},"b":{"0":[4],"1":[1,1,1,1]},"_coverageSchema":"332fd63041d2c1bcb487cc26dd0d5f7d97098a6c","hash":"69f42654cde70e85456a4833db274d0461cf1f1c"}
,"/home/primayudha/Documents/Hacktiv8/Dofin/Dofin/src/reducers/categoryReducer.js": {"path":"/home/primayudha/Documents/Hacktiv8/Dofin/Dofin/src/reducers/categoryReducer.js","statementMap":{"0":{"start":{"line":3,"column":24},"end":{"line":11,"column":1}},"1":{"start":{"line":4,"column":2},"end":{"line":10,"column":3}},"2":{"start":{"line":5,"column":35},"end":{"line":5,"column":56}},"3":{"start":{"line":6,"column":35},"end":{"line":6,"column":56}},"4":{"start":{"line":7,"column":38},"end":{"line":7,"column":59}},"5":{"start":{"line":8,"column":38},"end":{"line":8,"column":59}},"6":{"start":{"line":9,"column":13},"end":{"line":9,"column":26}}},"fnMap":{"0":{"name":"(anonymous_0)","decl":{"start":{"line":3,"column":24},"end":{"line":3,"column":25}},"loc":{"start":{"line":3,"column":48},"end":{"line":11,"column":1}},"line":3}},"branchMap":{"0":{"loc":{"start":{"line":3,"column":25},"end":{"line":3,"column":35}},"type":"default-arg","locations":[{"start":{"line":3,"column":33},"end":{"line":3,"column":35}}],"line":3},"1":{"loc":{"start":{"line":4,"column":2},"end":{"line":10,"column":3}},"type":"switch","locations":[{"start":{"line":5,"column":4},"end":{"line":5,"column":56}},{"start":{"line":6,"column":4},"end":{"line":6,"column":56}},{"start":{"line":7,"column":4},"end":{"line":7,"column":59}},{"start":{"line":8,"column":4},"end":{"line":8,"column":59}},{"start":{"line":9,"column":4},"end":{"line":9,"column":26}}],"line":4}},"s":{"0":1,"1":5,"2":1,"3":1,"4":1,"5":1,"6":1},"f":{"0":5},"b":{"0":[5],"1":[1,1,1,1,1]},"_coverageSchema":"332fd63041d2c1bcb487cc26dd0d5f7d97098a6c","hash":"428f61013387f64e5ed1a47d53bd5b0fe2a49c4e"}
,"/home/primayudha/Documents/Hacktiv8/Dofin/Dofin/src/reducers/dreamReducer.js": {"path":"/home/primayudha/Documents/Hacktiv8/Dofin/Dofin/src/reducers/dreamReducer.js","statementMap":{"0":{"start":{"line":3,"column":21},"end":{"line":10,"column":1}},"1":{"start":{"line":4,"column":2},"end":{"line":9,"column":3}},"2":{"start":{"line":5,"column":36},"end":{"line":5,"column":57}},"3":{"start":{"line":6,"column":36},"end":{"line":6,"column":57}},"4":{"start":{"line":7,"column":36},"end":{"line":7,"column":57}},"5":{"start":{"line":8,"column":13},"end":{"line":8,"column":26}}},"fnMap":{"0":{"name":"(anonymous_0)","decl":{"start":{"line":3,"column":21},"end":{"line":3,"column":22}},"loc":{"start":{"line":3,"column":45},"end":{"line":10,"column":1}},"line":3}},"branchMap":{"0":{"loc":{"start":{"line":3,"column":22},"end":{"line":3,"column":32}},"type":"default-arg","locations":[{"start":{"line":3,"column":30},"end":{"line":3,"column":32}}],"line":3},"1":{"loc":{"start":{"line":4,"column":2},"end":{"line":9,"column":3}},"type":"switch","locations":[{"start":{"line":5,"column":4},"end":{"line":5,"column":57}},{"start":{"line":6,"column":4},"end":{"line":6,"column":57}},{"start":{"line":7,"column":4},"end":{"line":7,"column":57}},{"start":{"line":8,"column":4},"end":{"line":8,"column":26}}],"line":4}},"s":{"0":1,"1":4,"2":1,"3":1,"4":1,"5":1},"f":{"0":4},"b":{"0":[4],"1":[1,1,1,1]},"_coverageSchema":"332fd63041d2c1bcb487cc26dd0d5f7d97098a6c","hash":"d73f92fb958f980e11d34f9b141f6d3958281046"}
,"/home/primayudha/Documents/Hacktiv8/Dofin/Dofin/src/reducers/expenseReducer.js": {"path":"/home/primayudha/Documents/Hacktiv8/Dofin/Dofin/src/reducers/expenseReducer.js","statementMap":{"0":{"start":{"line":3,"column":21},"end":{"line":10,"column":1}},"1":{"start":{"line":12,"column":24},"end":{"line":21,"column":1}},"2":{"start":{"line":13,"column":17},"end":{"line":19,"column":3}},"3":{"start":{"line":20,"column":2},"end":{"line":20,"column":17}},"4":{"start":{"line":23,"column":19},"end":{"line":28,"column":1}},"5":{"start":{"line":24,"column":17},"end":{"line":26,"column":3}},"6":{"start":{"line":27,"column":2},"end":{"line":27,"column":17}},"7":{"start":{"line":30,"column":23},"end":{"line":37,"column":1}},"8":{"start":{"line":32,"column":17},"end":{"line":35,"column":3}},"9":{"start":{"line":36,"column":2},"end":{"line":36,"column":17}},"10":{"start":{"line":39,"column":26},"end":{"line":46,"column":1}},"11":{"start":{"line":41,"column":17},"end":{"line":44,"column":3}},"12":{"start":{"line":45,"column":2},"end":{"line":45,"column":17}},"13":{"start":{"line":48,"column":26},"end":{"line":54,"column":1}},"14":{"start":{"line":49,"column":17},"end":{"line":52,"column":3}},"15":{"start":{"line":53,"column":2},"end":{"line":53,"column":17}},"16":{"start":{"line":56,"column":28},"end":{"line":62,"column":1}},"17":{"start":{"line":57,"column":17},"end":{"line":60,"column":3}},"18":{"start":{"line":61,"column":2},"end":{"line":61,"column":17}},"19":{"start":{"line":64,"column":35},"end":{"line":73,"column":1}},"20":{"start":{"line":65,"column":17},"end":{"line":71,"column":3}},"21":{"start":{"line":72,"column":2},"end":{"line":72,"column":17}},"22":{"start":{"line":75,"column":23},"end":{"line":90,"column":1}},"23":{"start":{"line":76,"column":2},"end":{"line":89,"column":3}},"24":{"start":{"line":77,"column":34},"end":{"line":77,"column":67}},"25":{"start":{"line":78,"column":32},"end":{"line":78,"column":72}},"26":{"start":{"line":79,"column":29},"end":{"line":79,"column":66}},"27":{"start":{"line":80,"column":32},"end":{"line":80,"column":72}},"28":{"start":{"line":81,"column":34},"end":{"line":81,"column":76}},"29":{"start":{"line":82,"column":53},"end":{"line":82,"column":102}},"30":{"start":{"line":83,"column":50},"end":{"line":83,"column":64}},"31":{"start":{"line":84,"column":40},"end":{"line":84,"column":78}},"32":{"start":{"line":85,"column":34},"end":{"line":85,"column":57}},"33":{"start":{"line":86,"column":50},"end":{"line":86,"column":80}},"34":{"start":{"line":88,"column":13},"end":{"line":88,"column":26}}},"fnMap":{"0":{"name":"(anonymous_0)","decl":{"start":{"line":12,"column":24},"end":{"line":12,"column":25}},"loc":{"start":{"line":12,"column":44},"end":{"line":21,"column":1}},"line":12},"1":{"name":"(anonymous_1)","decl":{"start":{"line":23,"column":19},"end":{"line":23,"column":20}},"loc":{"start":{"line":23,"column":30},"end":{"line":28,"column":1}},"line":23},"2":{"name":"(anonymous_2)","decl":{"start":{"line":30,"column":23},"end":{"line":30,"column":24}},"loc":{"start":{"line":30,"column":43},"end":{"line":37,"column":1}},"line":30},"3":{"name":"(anonymous_3)","decl":{"start":{"line":39,"column":26},"end":{"line":39,"column":27}},"loc":{"start":{"line":39,"column":46},"end":{"line":46,"column":1}},"line":39},"4":{"name":"(anonymous_4)","decl":{"start":{"line":48,"column":26},"end":{"line":48,"column":27}},"loc":{"start":{"line":48,"column":46},"end":{"line":54,"column":1}},"line":48},"5":{"name":"(anonymous_5)","decl":{"start":{"line":56,"column":28},"end":{"line":56,"column":29}},"loc":{"start":{"line":56,"column":48},"end":{"line":62,"column":1}},"line":56},"6":{"name":"(anonymous_6)","decl":{"start":{"line":64,"column":35},"end":{"line":64,"column":36}},"loc":{"start":{"line":64,"column":55},"end":{"line":73,"column":1}},"line":64},"7":{"name":"(anonymous_7)","decl":{"start":{"line":75,"column":23},"end":{"line":75,"column":24}},"loc":{"start":{"line":75,"column":68},"end":{"line":90,"column":1}},"line":75}},"branchMap":{"0":{"loc":{"start":{"line":75,"column":24},"end":{"line":75,"column":44}},"type":"default-arg","locations":[{"start":{"line":75,"column":32},"end":{"line":75,"column":44}}],"line":75},"1":{"loc":{"start":{"line":76,"column":2},"end":{"line":89,"column":3}},"type":"switch","locations":[{"start":{"line":77,"column":4},"end":{"line":77,"column":67}},{"start":{"line":78,"column":4},"end":{"line":78,"column":72}},{"start":{"line":79,"column":4},"end":{"line":79,"column":66}},{"start":{"line":80,"column":4},"end":{"line":80,"column":72}},{"start":{"line":81,"column":4},"end":{"line":81,"column":76}},{"start":{"line":82,"column":4},"end":{"line":82,"column":102}},{"start":{"line":83,"column":4},"end":{"line":83,"column":64}},{"start":{"line":84,"column":4},"end":{"line":84,"column":78}},{"start":{"line":85,"column":4},"end":{"line":85,"column":57}},{"start":{"line":86,"column":4},"end":{"line":86,"column":80}},{"start":{"line":88,"column":4},"end":{"line":88,"column":26}}],"line":76}},"s":{"0":1,"1":1,"2":1,"3":1,"4":1,"5":1,"6":1,"7":1,"8":0,"9":0,"10":1,"11":0,"12":0,"13":1,"14":0,"15":0,"16":1,"17":0,"18":0,"19":1,"20":0,"21":0,"22":1,"23":5,"24":1,"25":0,"26":0,"27":0,"28":0,"29":0,"30":1,"31":1,"32":1,"33":0,"34":1},"f":{"0":1,"1":1,"2":0,"3":0,"4":0,"5":0,"6":0,"7":5},"b":{"0":[5],"1":[1,0,0,0,0,0,1,1,1,0,1]},"_coverageSchema":"332fd63041d2c1bcb487cc26dd0d5f7d97098a6c","hash":"455d4f024710865963aab14c577e9011a9da5704"}
,"/home/primayudha/Documents/Hacktiv8/Dofin/Dofin/src/reducers/incomeReducer.js": {"path":"/home/primayudha/Documents/Hacktiv8/Dofin/Dofin/src/reducers/incomeReducer.js","statementMap":{"0":{"start":{"line":3,"column":22},"end":{"line":9,"column":1}},"1":{"start":{"line":4,"column":2},"end":{"line":8,"column":3}},"2":{"start":{"line":5,"column":33},"end":{"line":5,"column":63}},"3":{"start":{"line":6,"column":33},"end":{"line":6,"column":54}},"4":{"start":{"line":7,"column":13},"end":{"line":7,"column":26}}},"fnMap":{"0":{"name":"(anonymous_0)","decl":{"start":{"line":3,"column":22},"end":{"line":3,"column":23}},"loc":{"start":{"line":3,"column":45},"end":{"line":9,"column":1}},"line":3}},"branchMap":{"0":{"loc":{"start":{"line":3,"column":23},"end":{"line":3,"column":32}},"type":"default-arg","locations":[{"start":{"line":3,"column":31},"end":{"line":3,"column":32}}],"line":3},"1":{"loc":{"start":{"line":4,"column":2},"end":{"line":8,"column":3}},"type":"switch","locations":[{"start":{"line":5,"column":4},"end":{"line":5,"column":63}},{"start":{"line":6,"column":4},"end":{"line":6,"column":54}},{"start":{"line":7,"column":4},"end":{"line":7,"column":26}}],"line":4}},"s":{"0":1,"1":3,"2":1,"3":1,"4":1},"f":{"0":3},"b":{"0":[3],"1":[1,1,1]},"_coverageSchema":"332fd63041d2c1bcb487cc26dd0d5f7d97098a6c","hash":"91597f67be7ab0cc731cdc02ad26cb04b51a7e60"}
,"/home/primayudha/Documents/Hacktiv8/Dofin/Dofin/src/reducers/notificationReducer.js": {"path":"/home/primayudha/Documents/Hacktiv8/Dofin/Dofin/src/reducers/notificationReducer.js","statementMap":{"0":{"start":{"line":3,"column":28},"end":{"line":9,"column":1}},"1":{"start":{"line":4,"column":2},"end":{"line":8,"column":3}},"2":{"start":{"line":5,"column":40},"end":{"line":5,"column":70}},"3":{"start":{"line":6,"column":40},"end":{"line":6,"column":61}},"4":{"start":{"line":7,"column":13},"end":{"line":7,"column":26}}},"fnMap":{"0":{"name":"(anonymous_0)","decl":{"start":{"line":3,"column":28},"end":{"line":3,"column":29}},"loc":{"start":{"line":3,"column":52},"end":{"line":9,"column":1}},"line":3}},"branchMap":{"0":{"loc":{"start":{"line":3,"column":29},"end":{"line":3,"column":39}},"type":"default-arg","locations":[{"start":{"line":3,"column":37},"end":{"line":3,"column":39}}],"line":3},"1":{"loc":{"start":{"line":4,"column":2},"end":{"line":8,"column":3}},"type":"switch","locations":[{"start":{"line":5,"column":4},"end":{"line":5,"column":70}},{"start":{"line":6,"column":4},"end":{"line":6,"column":61}},{"start":{"line":7,"column":4},"end":{"line":7,"column":26}}],"line":4}},"s":{"0":2,"1":7,"2":1,"3":1,"4":5},"f":{"0":7},"b":{"0":[7],"1":[1,1,5]},"_coverageSchema":"332fd63041d2c1bcb487cc26dd0d5f7d97098a6c","hash":"3e2c9c76ae271aabbb412e6ebf7c4665fc4d845b"}
,"/home/primayudha/Documents/Hacktiv8/Dofin/Dofin/src/reducers/placesReducers.js": {"path":"/home/primayudha/Documents/Hacktiv8/Dofin/Dofin/src/reducers/placesReducers.js","statementMap":{"0":{"start":{"line":3,"column":22},"end":{"line":9,"column":1}},"1":{"start":{"line":4,"column":17},"end":{"line":6,"column":5}},"2":{"start":{"line":4,"column":42},"end":{"line":6,"column":3}},"3":{"start":{"line":7,"column":19},"end":{"line":7,"column":25}},"4":{"start":{"line":8,"column":2},"end":{"line":8,"column":18}},"5":{"start":{"line":11,"column":22},"end":{"line":16,"column":1}},"6":{"start":{"line":12,"column":2},"end":{"line":15,"column":3}},"7":{"start":{"line":13,"column":37},"end":{"line":13,"column":80}},"8":{"start":{"line":14,"column":13},"end":{"line":14,"column":26}}},"fnMap":{"0":{"name":"(anonymous_0)","decl":{"start":{"line":3,"column":22},"end":{"line":3,"column":23}},"loc":{"start":{"line":3,"column":50},"end":{"line":9,"column":1}},"line":3},"1":{"name":"(anonymous_1)","decl":{"start":{"line":4,"column":32},"end":{"line":4,"column":33}},"loc":{"start":{"line":4,"column":42},"end":{"line":6,"column":3}},"line":4},"2":{"name":"(anonymous_2)","decl":{"start":{"line":11,"column":22},"end":{"line":11,"column":23}},"loc":{"start":{"line":11,"column":45},"end":{"line":16,"column":1}},"line":11}},"branchMap":{"0":{"loc":{"start":{"line":3,"column":23},"end":{"line":3,"column":33}},"type":"default-arg","locations":[{"start":{"line":3,"column":31},"end":{"line":3,"column":33}}],"line":3},"1":{"loc":{"start":{"line":11,"column":23},"end":{"line":11,"column":32}},"type":"default-arg","locations":[{"start":{"line":11,"column":31},"end":{"line":11,"column":32}}],"line":11},"2":{"loc":{"start":{"line":12,"column":2},"end":{"line":15,"column":3}},"type":"switch","locations":[{"start":{"line":13,"column":4},"end":{"line":13,"column":80}},{"start":{"line":14,"column":4},"end":{"line":14,"column":26}}],"line":12}},"s":{"0":1,"1":0,"2":0,"3":0,"4":0,"5":1,"6":1,"7":0,"8":1},"f":{"0":0,"1":0,"2":1},"b":{"0":[0],"1":[1],"2":[0,1]},"_coverageSchema":"332fd63041d2c1bcb487cc26dd0d5f7d97098a6c","hash":"3d7e98fe1bc8a32d81a533700ab0e6f63dfcc5d7"}
}
