{"/home/primayudha/Documents/Hacktiv8/Dofin/Dofin/src/components/Dashboard.js": {"path":"/home/primayudha/Documents/Hacktiv8/Dofin/Dofin/src/components/Dashboard.js","statementMap":{"0":{"start":{"line":14,"column":4},"end":{"line":26,"column":5}},"1":{"start":{"line":32,"column":4},"end":{"line":38,"column":5}},"2":{"start":{"line":44,"column":4},"end":{"line":50,"column":5}},"3":{"start":{"line":56,"column":4},"end":{"line":61,"column":5}},"4":{"start":{"line":58,"column":23},"end":{"line":58,"column":30}},"5":{"start":{"line":67,"column":4},"end":{"line":67,"column":16}},"6":{"start":{"line":71,"column":4},"end":{"line":78,"column":5}},"7":{"start":{"line":82,"column":15},"end":{"line":83,"column":1}}},"fnMap":{"0":{"name":"(anonymous_0)","decl":{"start":{"line":13,"column":2},"end":{"line":13,"column":3}},"loc":{"start":{"line":13,"column":11},"end":{"line":27,"column":3}},"line":13},"1":{"name":"(anonymous_1)","decl":{"start":{"line":31,"column":2},"end":{"line":31,"column":3}},"loc":{"start":{"line":31,"column":11},"end":{"line":39,"column":3}},"line":31},"2":{"name":"(anonymous_2)","decl":{"start":{"line":43,"column":2},"end":{"line":43,"column":3}},"loc":{"start":{"line":43,"column":11},"end":{"line":51,"column":3}},"line":43},"3":{"name":"(anonymous_3)","decl":{"start":{"line":55,"column":2},"end":{"line":55,"column":3}},"loc":{"start":{"line":55,"column":11},"end":{"line":62,"column":3}},"line":55},"4":{"name":"(anonymous_4)","decl":{"start":{"line":58,"column":17},"end":{"line":58,"column":18}},"loc":{"start":{"line":58,"column":23},"end":{"line":58,"column":30}},"line":58},"5":{"name":"(anonymous_5)","decl":{"start":{"line":66,"column":2},"end":{"line":66,"column":3}},"loc":{"start":{"line":66,"column":21},"end":{"line":68,"column":3}},"line":66},"6":{"name":"(anonymous_6)","decl":{"start":{"line":70,"column":2},"end":{"line":70,"column":3}},"loc":{"start":{"line":70,"column":11},"end":{"line":79,"column":3}},"line":70}},"branchMap":{},"s":{"0":1,"1":1,"2":1,"3":1,"4":0,"5":6,"6":6,"7":1},"f":{"0":1,"1":1,"2":1,"3":1,"4":0,"5":6,"6":6},"b":{},"_coverageSchema":"332fd63041d2c1bcb487cc26dd0d5f7d97098a6c","hash":"01e54b99d5b0461ae0b2283676acedd1e50fac1f"}
,"/home/primayudha/Documents/Hacktiv8/Dofin/Dofin/src/components/FormInputDreams.js": {"path":"/home/primayudha/Documents/Hacktiv8/Dofin/Dofin/src/components/FormInputDreams.js","statementMap":{"0":{"start":{"line":10,"column":4},"end":{"line":10,"column":16}},"1":{"start":{"line":11,"column":4},"end":{"line":11,"column":19}},"2":{"start":{"line":14,"column":4},"end":{"line":14,"column":15}},"3":{"start":{"line":17,"column":4},"end":{"line":26,"column":5}},"4":{"start":{"line":22,"column":25},"end":{"line":22,"column":41}}},"fnMap":{"0":{"name":"(anonymous_0)","decl":{"start":{"line":9,"column":2},"end":{"line":9,"column":3}},"loc":{"start":{"line":9,"column":20},"end":{"line":12,"column":3}},"line":9},"1":{"name":"(anonymous_1)","decl":{"start":{"line":13,"column":2},"end":{"line":13,"column":3}},"loc":{"start":{"line":13,"column":14},"end":{"line":15,"column":3}},"line":13},"2":{"name":"(anonymous_2)","decl":{"start":{"line":16,"column":2},"end":{"line":16,"column":3}},"loc":{"start":{"line":16,"column":11},"end":{"line":27,"column":3}},"line":16},"3":{"name":"(anonymous_3)","decl":{"start":{"line":22,"column":19},"end":{"line":22,"column":20}},"loc":{"start":{"line":22,"column":25},"end":{"line":22,"column":41}},"line":22}},"branchMap":{},"s":{"0":4,"1":4,"2":1,"3":4,"4":1},"f":{"0":4,"1":1,"2":4,"3":1},"b":{},"_coverageSchema":"332fd63041d2c1bcb487cc26dd0d5f7d97098a6c","hash":"bb6e27a47c53bea0675dd80abac2f13989197645"}
,"/home/primayudha/Documents/Hacktiv8/Dofin/Dofin/src/components/IncomeForm.js": {"path":"/home/primayudha/Documents/Hacktiv8/Dofin/Dofin/src/components/IncomeForm.js","statementMap":{"0":{"start":{"line":12,"column":4},"end":{"line":12,"column":15}},"1":{"start":{"line":16,"column":4},"end":{"line":23,"column":5}},"2":{"start":{"line":21,"column":40},"end":{"line":21,"column":56}}},"fnMap":{"0":{"name":"(anonymous_0)","decl":{"start":{"line":11,"column":2},"end":{"line":11,"column":3}},"loc":{"start":{"line":11,"column":14},"end":{"line":13,"column":3}},"line":11},"1":{"name":"(anonymous_1)","decl":{"start":{"line":15,"column":2},"end":{"line":15,"column":3}},"loc":{"start":{"line":15,"column":11},"end":{"line":24,"column":3}},"line":15},"2":{"name":"(anonymous_2)","decl":{"start":{"line":21,"column":34},"end":{"line":21,"column":35}},"loc":{"start":{"line":21,"column":40},"end":{"line":21,"column":56}},"line":21}},"branchMap":{},"s":{"0":1,"1":1,"2":1},"f":{"0":1,"1":1,"2":1},"b":{},"_coverageSchema":"332fd63041d2c1bcb487cc26dd0d5f7d97098a6c","hash":"f059395ade8a9ada36ba7e60e8a278e7099aa438"}
,"/home/primayudha/Documents/Hacktiv8/Dofin/Dofin/src/components/NonReceiptForm.js": {"path":"/home/primayudha/Documents/Hacktiv8/Dofin/Dofin/src/components/NonReceiptForm.js","statementMap":{"0":{"start":{"line":12,"column":4},"end":{"line":12,"column":15}},"1":{"start":{"line":16,"column":4},"end":{"line":22,"column":5}},"2":{"start":{"line":20,"column":40},"end":{"line":20,"column":56}}},"fnMap":{"0":{"name":"(anonymous_0)","decl":{"start":{"line":11,"column":2},"end":{"line":11,"column":3}},"loc":{"start":{"line":11,"column":14},"end":{"line":13,"column":3}},"line":11},"1":{"name":"(anonymous_1)","decl":{"start":{"line":15,"column":2},"end":{"line":15,"column":3}},"loc":{"start":{"line":15,"column":11},"end":{"line":23,"column":3}},"line":15},"2":{"name":"(anonymous_2)","decl":{"start":{"line":20,"column":34},"end":{"line":20,"column":35}},"loc":{"start":{"line":20,"column":40},"end":{"line":20,"column":56}},"line":20}},"branchMap":{},"s":{"0":1,"1":1,"2":1},"f":{"0":1,"1":1,"2":1},"b":{},"_coverageSchema":"332fd63041d2c1bcb487cc26dd0d5f7d97098a6c","hash":"8f30d3b79711ed62ed814c0112430d8c8e9031be"}
,"/home/primayudha/Documents/Hacktiv8/Dofin/Dofin/src/components/Notifications.js": {"path":"/home/primayudha/Documents/Hacktiv8/Dofin/Dofin/src/components/Notifications.js","statementMap":{"0":{"start":{"line":13,"column":4},"end":{"line":19,"column":5}},"1":{"start":{"line":25,"column":4},"end":{"line":31,"column":5}},"2":{"start":{"line":37,"column":4},"end":{"line":37,"column":16}},"3":{"start":{"line":38,"column":4},"end":{"line":41,"column":5}},"4":{"start":{"line":45,"column":4},"end":{"line":56,"column":5}},"5":{"start":{"line":60,"column":15},"end":{"line":61,"column":1}}},"fnMap":{"0":{"name":"(anonymous_0)","decl":{"start":{"line":12,"column":2},"end":{"line":12,"column":3}},"loc":{"start":{"line":12,"column":11},"end":{"line":20,"column":3}},"line":12},"1":{"name":"(anonymous_1)","decl":{"start":{"line":24,"column":2},"end":{"line":24,"column":3}},"loc":{"start":{"line":24,"column":11},"end":{"line":32,"column":3}},"line":24},"2":{"name":"(anonymous_2)","decl":{"start":{"line":36,"column":2},"end":{"line":36,"column":3}},"loc":{"start":{"line":36,"column":21},"end":{"line":42,"column":3}},"line":36},"3":{"name":"(anonymous_3)","decl":{"start":{"line":44,"column":2},"end":{"line":44,"column":3}},"loc":{"start":{"line":44,"column":11},"end":{"line":57,"column":3}},"line":44}},"branchMap":{"0":{"loc":{"start":{"line":49,"column":10},"end":{"line":53,"column":18}},"type":"binary-expr","locations":[{"start":{"line":49,"column":10},"end":{"line":49,"column":48}},{"start":{"line":51,"column":11},"end":{"line":53,"column":17}}],"line":49}},"s":{"0":2,"1":2,"2":7,"3":7,"4":8,"5":2},"f":{"0":2,"1":2,"2":7,"3":8},"b":{"0":[8,1]},"_coverageSchema":"332fd63041d2c1bcb487cc26dd0d5f7d97098a6c","hash":"2a62588308c019fe6db848ab10fe20c1a332ef7c"}
,"/home/primayudha/Documents/Hacktiv8/Dofin/Dofin/src/components/Settings.js": {"path":"/home/primayudha/Documents/Hacktiv8/Dofin/Dofin/src/components/Settings.js","statementMap":{"0":{"start":{"line":13,"column":4},"end":{"line":19,"column":5}},"1":{"start":{"line":25,"column":4},"end":{"line":34,"column":5}},"2":{"start":{"line":40,"column":4},"end":{"line":40,"column":16}},"3":{"start":{"line":44,"column":4},"end":{"line":51,"column":5}},"4":{"start":{"line":55,"column":15},"end":{"line":56,"column":1}}},"fnMap":{"0":{"name":"(anonymous_0)","decl":{"start":{"line":12,"column":2},"end":{"line":12,"column":3}},"loc":{"start":{"line":12,"column":11},"end":{"line":20,"column":3}},"line":12},"1":{"name":"(anonymous_1)","decl":{"start":{"line":24,"column":2},"end":{"line":24,"column":3}},"loc":{"start":{"line":24,"column":11},"end":{"line":35,"column":3}},"line":24},"2":{"name":"(anonymous_2)","decl":{"start":{"line":39,"column":2},"end":{"line":39,"column":3}},"loc":{"start":{"line":39,"column":21},"end":{"line":41,"column":3}},"line":39},"3":{"name":"(anonymous_3)","decl":{"start":{"line":43,"column":2},"end":{"line":43,"column":3}},"loc":{"start":{"line":43,"column":11},"end":{"line":52,"column":3}},"line":43}},"branchMap":{},"s":{"0":1,"1":3,"2":5,"3":5,"4":1},"f":{"0":1,"1":3,"2":5,"3":5},"b":{},"_coverageSchema":"332fd63041d2c1bcb487cc26dd0d5f7d97098a6c","hash":"015f4b4b83d897ffc59892320b0da91dacef960b"}
,"/home/primayudha/Documents/Hacktiv8/Dofin/Dofin/src/components/SignUpForm.js": {"path":"/home/primayudha/Documents/Hacktiv8/Dofin/Dofin/src/components/SignUpForm.js","statementMap":{"0":{"start":{"line":12,"column":4},"end":{"line":12,"column":15}},"1":{"start":{"line":16,"column":4},"end":{"line":22,"column":5}},"2":{"start":{"line":20,"column":40},"end":{"line":20,"column":56}}},"fnMap":{"0":{"name":"(anonymous_0)","decl":{"start":{"line":11,"column":2},"end":{"line":11,"column":3}},"loc":{"start":{"line":11,"column":14},"end":{"line":13,"column":3}},"line":11},"1":{"name":"(anonymous_1)","decl":{"start":{"line":15,"column":2},"end":{"line":15,"column":3}},"loc":{"start":{"line":15,"column":11},"end":{"line":23,"column":3}},"line":15},"2":{"name":"(anonymous_2)","decl":{"start":{"line":20,"column":34},"end":{"line":20,"column":35}},"loc":{"start":{"line":20,"column":40},"end":{"line":20,"column":56}},"line":20}},"branchMap":{},"s":{"0":1,"1":1,"2":1},"f":{"0":1,"1":1,"2":1},"b":{},"_coverageSchema":"332fd63041d2c1bcb487cc26dd0d5f7d97098a6c","hash":"7bab8b4e5107f4348136b2ea663d70ee46acf1cc"}
}
