TN:
SF:/home/primayudha/Documents/Hacktiv8/Dofin/Dofin/jest/setup.js
FN:1,(anonymous_0)
FNF:1
FNH:0
FNDA:0,(anonymous_0)
DA:1,10
DA:2,0
LF:2
LH:1
BRF:0
BRH:0
end_of_record
TN:
SF:/home/primayudha/Documents/Hacktiv8/Dofin/Dofin/src/actions/cameraAction.js
FN:6,(anonymous_0)
FN:11,(anonymous_1)
FN:16,(anonymous_2)
FN:21,(anonymous_3)
FN:22,(anonymous_4)
FN:28,(anonymous_5)
FN:35,(anonymous_6)
FNF:7
FNH:5
FNDA:1,(anonymous_0)
FNDA:1,(anonymous_1)
FNDA:0,(anonymous_2)
FNDA:1,(anonymous_3)
FNDA:1,(anonymous_4)
FNDA:1,(anonymous_5)
FNDA:0,(anonymous_6)
DA:3,2
DA:4,2
DA:6,2
DA:11,2
DA:16,2
DA:21,2
DA:22,1
DA:24,1
DA:30,1
DA:31,1
DA:32,1
DA:36,0
LF:12
LH:11
BRDA:32,0,0,0
BRDA:32,0,1,1
BRF:2
BRH:1
end_of_record
TN:
SF:/home/primayudha/Documents/Hacktiv8/Dofin/Dofin/src/actions/categoryAction.js
FN:6,(anonymous_0)
FN:11,(anonymous_1)
FN:16,(anonymous_2)
FN:21,(anonymous_3)
FN:26,(anonymous_4)
FN:27,(anonymous_5)
FN:33,(anonymous_6)
FN:34,(anonymous_7)
FN:37,(anonymous_8)
FN:38,(anonymous_9)
FN:40,(anonymous_10)
FN:41,(anonymous_11)
FN:44,(anonymous_12)
FN:45,(anonymous_13)
FN:52,(anonymous_14)
FN:53,(anonymous_15)
FN:56,(anonymous_16)
FN:57,(anonymous_17)
FN:61,(anonymous_18)
FN:62,(anonymous_19)
FNF:20
FNH:0
FNDA:0,(anonymous_0)
FNDA:0,(anonymous_1)
FNDA:0,(anonymous_2)
FNDA:0,(anonymous_3)
FNDA:0,(anonymous_4)
FNDA:0,(anonymous_5)
FNDA:0,(anonymous_6)
FNDA:0,(anonymous_7)
FNDA:0,(anonymous_8)
FNDA:0,(anonymous_9)
FNDA:0,(anonymous_10)
FNDA:0,(anonymous_11)
FNDA:0,(anonymous_12)
FNDA:0,(anonymous_13)
FNDA:0,(anonymous_14)
FNDA:0,(anonymous_15)
FNDA:0,(anonymous_16)
FNDA:0,(anonymous_17)
FNDA:0,(anonymous_18)
FNDA:0,(anonymous_19)
DA:3,2
DA:4,2
DA:6,2
DA:11,2
DA:16,2
DA:21,2
DA:26,2
DA:27,0
DA:28,0
DA:33,0
DA:34,0
DA:37,2
DA:38,0
DA:39,0
DA:40,0
DA:41,0
DA:44,2
DA:45,0
DA:46,0
DA:52,0
DA:53,0
DA:56,2
DA:57,0
DA:58,0
DA:61,0
DA:62,0
LF:26
LH:10
BRF:0
BRH:0
end_of_record
TN:
SF:/home/primayudha/Documents/Hacktiv8/Dofin/Dofin/src/actions/constants.js
FNF:0
FNH:0
DA:1,10
DA:2,10
DA:3,10
DA:4,10
DA:5,10
DA:6,10
DA:7,10
DA:8,10
DA:9,10
DA:10,10
DA:11,10
DA:12,10
DA:13,10
DA:14,10
DA:15,10
DA:16,10
DA:17,10
DA:18,10
DA:19,10
DA:20,10
DA:21,10
DA:22,10
DA:23,10
LF:23
LH:23
BRF:0
BRH:0
end_of_record
TN:
SF:/home/primayudha/Documents/Hacktiv8/Dofin/Dofin/src/actions/dreamAction.js
FN:6,(anonymous_0)
FN:11,(anonymous_1)
FN:16,(anonymous_2)
FN:21,(anonymous_3)
FN:27,(anonymous_4)
FN:28,(anonymous_5)
FN:35,(anonymous_6)
FN:36,(anonymous_7)
FN:39,(anonymous_8)
FN:40,(anonymous_9)
FN:42,(anonymous_10)
FN:43,(anonymous_11)
FN:46,(anonymous_12)
FN:47,(anonymous_13)
FN:55,(anonymous_14)
FN:56,(anonymous_15)
FN:59,(anonymous_16)
FN:60,(anonymous_17)
FN:62,(anonymous_18)
FN:63,(anonymous_19)
FNF:20
FNH:0
FNDA:0,(anonymous_0)
FNDA:0,(anonymous_1)
FNDA:0,(anonymous_2)
FNDA:0,(anonymous_3)
FNDA:0,(anonymous_4)
FNDA:0,(anonymous_5)
FNDA:0,(anonymous_6)
FNDA:0,(anonymous_7)
FNDA:0,(anonymous_8)
FNDA:0,(anonymous_9)
FNDA:0,(anonymous_10)
FNDA:0,(anonymous_11)
FNDA:0,(anonymous_12)
FNDA:0,(anonymous_13)
FNDA:0,(anonymous_14)
FNDA:0,(anonymous_15)
FNDA:0,(anonymous_16)
FNDA:0,(anonymous_17)
FNDA:0,(anonymous_18)
FNDA:0,(anonymous_19)
DA:3,2
DA:4,2
DA:6,2
DA:11,2
DA:16,2
DA:21,2
DA:27,2
DA:28,0
DA:29,0
DA:35,0
DA:36,0
DA:39,2
DA:40,0
DA:41,0
DA:42,0
DA:43,0
DA:46,2
DA:47,0
DA:48,0
DA:55,0
DA:56,0
DA:59,2
DA:60,0
DA:61,0
DA:62,0
DA:63,0
LF:26
LH:10
BRF:0
BRH:0
end_of_record
TN:
SF:/home/primayudha/Documents/Hacktiv8/Dofin/Dofin/src/actions/expenseAction.js
FN:6,isError
FN:10,(anonymous_1)
FN:15,(anonymous_2)
FN:20,(anonymous_3)
FN:26,(anonymous_4)
FN:31,(anonymous_5)
FN:36,(anonymous_6)
FN:41,(anonymous_7)
FN:45,(anonymous_8)
FN:50,(anonymous_9)
FN:51,(anonymous_10)
FN:61,(anonymous_11)
FN:67,(anonymous_12)
FN:73,(anonymous_13)
FN:78,(anonymous_14)
FN:79,(anonymous_15)
FN:89,(anonymous_16)
FN:90,(anonymous_17)
FN:92,(anonymous_18)
FN:98,(anonymous_19)
FN:104,(anonymous_20)
FN:115,(anonymous_21)
FN:116,(anonymous_22)
FN:118,(anonymous_23)
FN:119,(anonymous_24)
FN:122,(anonymous_25)
FN:123,(anonymous_26)
FN:125,(anonymous_27)
FN:126,(anonymous_28)
FNF:29
FNH:0
FNDA:0,isError
FNDA:0,(anonymous_1)
FNDA:0,(anonymous_2)
FNDA:0,(anonymous_3)
FNDA:0,(anonymous_4)
FNDA:0,(anonymous_5)
FNDA:0,(anonymous_6)
FNDA:0,(anonymous_7)
FNDA:0,(anonymous_8)
FNDA:0,(anonymous_9)
FNDA:0,(anonymous_10)
FNDA:0,(anonymous_11)
FNDA:0,(anonymous_12)
FNDA:0,(anonymous_13)
FNDA:0,(anonymous_14)
FNDA:0,(anonymous_15)
FNDA:0,(anonymous_16)
FNDA:0,(anonymous_17)
FNDA:0,(anonymous_18)
FNDA:0,(anonymous_19)
FNDA:0,(anonymous_20)
FNDA:0,(anonymous_21)
FNDA:0,(anonymous_22)
FNDA:0,(anonymous_23)
FNDA:0,(anonymous_24)
FNDA:0,(anonymous_25)
FNDA:0,(anonymous_26)
FNDA:0,(anonymous_27)
FNDA:0,(anonymous_28)
DA:3,2
DA:4,2
DA:7,0
DA:10,2
DA:15,2
DA:20,2
DA:26,2
DA:31,2
DA:36,2
DA:41,2
DA:45,2
DA:50,2
DA:51,0
DA:52,0
DA:63,0
DA:69,0
DA:73,2
DA:78,2
DA:79,0
DA:80,0
DA:85,0
DA:89,2
DA:90,0
DA:91,0
DA:94,0
DA:100,0
DA:104,2
DA:105,0
DA:115,2
DA:116,0
DA:117,0
DA:118,0
DA:119,0
DA:122,2
DA:123,0
DA:124,0
DA:125,0
DA:126,0
LF:38
LH:17
BRDA:7,0,0,0
BRDA:7,0,1,0
BRDA:63,1,0,0
BRDA:63,1,1,0
BRDA:94,2,0,0
BRDA:94,2,1,0
BRF:6
BRH:0
end_of_record
TN:
SF:/home/primayudha/Documents/Hacktiv8/Dofin/Dofin/src/actions/incomeAction.js
FN:6,(anonymous_0)
FN:11,(anonymous_1)
FN:16,(anonymous_2)
FN:17,(anonymous_3)
FN:25,(anonymous_4)
FN:26,(anonymous_5)
FN:29,(anonymous_6)
FN:30,(anonymous_7)
FN:32,(anonymous_8)
FN:33,(anonymous_9)
FNF:10
FNH:0
FNDA:0,(anonymous_0)
FNDA:0,(anonymous_1)
FNDA:0,(anonymous_2)
FNDA:0,(anonymous_3)
FNDA:0,(anonymous_4)
FNDA:0,(anonymous_5)
FNDA:0,(anonymous_6)
FNDA:0,(anonymous_7)
FNDA:0,(anonymous_8)
FNDA:0,(anonymous_9)
DA:3,2
DA:4,2
DA:6,2
DA:11,2
DA:16,2
DA:17,0
DA:18,0
DA:25,0
DA:26,0
DA:29,2
DA:30,0
DA:31,0
DA:32,0
DA:33,0
LF:14
LH:6
BRF:0
BRH:0
end_of_record
TN:
SF:/home/primayudha/Documents/Hacktiv8/Dofin/Dofin/src/actions/index.js
FNF:0
FNH:0
LF:0
LH:0
BRF:0
BRH:0
end_of_record
TN:
SF:/home/primayudha/Documents/Hacktiv8/Dofin/Dofin/src/actions/notificationAction.js
FN:6,(anonymous_0)
FN:11,(anonymous_1)
FN:16,(anonymous_2)
FN:17,(anonymous_3)
FN:19,(anonymous_4)
FN:20,(anonymous_5)
FN:23,(anonymous_6)
FN:24,(anonymous_7)
FN:26,(anonymous_8)
FN:27,(anonymous_9)
FNF:10
FNH:0
FNDA:0,(anonymous_0)
FNDA:0,(anonymous_1)
FNDA:0,(anonymous_2)
FNDA:0,(anonymous_3)
FNDA:0,(anonymous_4)
FNDA:0,(anonymous_5)
FNDA:0,(anonymous_6)
FNDA:0,(anonymous_7)
FNDA:0,(anonymous_8)
FNDA:0,(anonymous_9)
DA:3,2
DA:4,2
DA:6,2
DA:11,2
DA:16,2
DA:17,0
DA:18,0
DA:19,0
DA:20,0
DA:23,2
DA:24,0
DA:25,0
DA:26,0
DA:27,0
LF:14
LH:6
BRF:0
BRH:0
end_of_record
TN:
SF:/home/primayudha/Documents/Hacktiv8/Dofin/Dofin/src/actions/placesAction.js
FN:4,(anonymous_0)
FN:9,(anonymous_1)
FN:10,(anonymous_2)
FN:12,(anonymous_3)
FN:13,(anonymous_4)
FNF:5
FNH:0
FNDA:0,(anonymous_0)
FNDA:0,(anonymous_1)
FNDA:0,(anonymous_2)
FNDA:0,(anonymous_3)
FNDA:0,(anonymous_4)
DA:4,2
DA:9,2
DA:10,0
DA:11,0
DA:12,0
DA:13,0
LF:6
LH:2
BRF:0
BRH:0
end_of_record
TN:
SF:/home/primayudha/Documents/Hacktiv8/Dofin/Dofin/src/actions/userAction.js
FN:6,(anonymous_0)
FN:11,(anonymous_1)
FN:16,(anonymous_2)
FN:22,(anonymous_3)
FN:23,(anonymous_4)
FN:29,(anonymous_5)
FN:30,(anonymous_6)
FN:33,(anonymous_7)
FN:34,(anonymous_8)
FN:39,(anonymous_9)
FN:40,(anonymous_10)
FNF:11
FNH:0
FNDA:0,(anonymous_0)
FNDA:0,(anonymous_1)
FNDA:0,(anonymous_2)
FNDA:0,(anonymous_3)
FNDA:0,(anonymous_4)
FNDA:0,(anonymous_5)
FNDA:0,(anonymous_6)
FNDA:0,(anonymous_7)
FNDA:0,(anonymous_8)
FNDA:0,(anonymous_9)
FNDA:0,(anonymous_10)
DA:3,2
DA:4,2
DA:6,2
DA:11,2
DA:16,2
DA:22,2
DA:23,0
DA:24,0
DA:29,0
DA:30,0
DA:33,2
DA:34,0
DA:35,0
DA:39,0
DA:40,0
LF:15
LH:7
BRF:0
BRH:0
end_of_record
TN:
SF:/home/primayudha/Documents/Hacktiv8/Dofin/Dofin/src/reducers/cameraReducer.js
FN:11,(anonymous_0)
FN:19,(anonymous_1)
FN:27,(anonymous_2)
FN:35,(anonymous_3)
FNF:4
FNH:4
FNDA:1,(anonymous_0)
FNDA:1,(anonymous_1)
FNDA:1,(anonymous_2)
FNDA:4,(anonymous_3)
DA:3,1
DA:11,1
DA:12,1
DA:16,1
DA:19,1
DA:20,1
DA:24,1
DA:27,1
DA:28,1
DA:32,1
DA:35,1
DA:36,4
DA:37,1
DA:38,1
DA:39,1
DA:40,1
LF:16
LH:16
BRDA:35,0,0,4
BRDA:36,1,0,1
BRDA:36,1,1,1
BRDA:36,1,2,1
BRDA:36,1,3,1
BRF:5
BRH:5
end_of_record
TN:
SF:/home/primayudha/Documents/Hacktiv8/Dofin/Dofin/src/reducers/categoryReducer.js
FN:3,(anonymous_0)
FNF:1
FNH:1
FNDA:5,(anonymous_0)
DA:3,1
DA:4,5
DA:5,1
DA:6,1
DA:7,1
DA:8,1
DA:9,1
LF:7
LH:7
BRDA:3,0,0,5
BRDA:4,1,0,1
BRDA:4,1,1,1
BRDA:4,1,2,1
BRDA:4,1,3,1
BRDA:4,1,4,1
BRF:6
BRH:6
end_of_record
TN:
SF:/home/primayudha/Documents/Hacktiv8/Dofin/Dofin/src/reducers/dreamReducer.js
FN:3,(anonymous_0)
FNF:1
FNH:1
FNDA:4,(anonymous_0)
DA:3,1
DA:4,4
DA:5,1
DA:6,1
DA:7,1
DA:8,1
LF:6
LH:6
BRDA:3,0,0,4
BRDA:4,1,0,1
BRDA:4,1,1,1
BRDA:4,1,2,1
BRDA:4,1,3,1
BRF:5
BRH:5
end_of_record
TN:
SF:/home/primayudha/Documents/Hacktiv8/Dofin/Dofin/src/reducers/expenseReducer.js
FN:12,(anonymous_0)
FN:23,(anonymous_1)
FN:30,(anonymous_2)
FN:39,(anonymous_3)
FN:48,(anonymous_4)
FN:56,(anonymous_5)
FN:64,(anonymous_6)
FN:75,(anonymous_7)
FNF:8
FNH:3
FNDA:1,(anonymous_0)
FNDA:1,(anonymous_1)
FNDA:0,(anonymous_2)
FNDA:0,(anonymous_3)
FNDA:0,(anonymous_4)
FNDA:0,(anonymous_5)
FNDA:0,(anonymous_6)
FNDA:5,(anonymous_7)
DA:3,1
DA:12,1
DA:13,1
DA:20,1
DA:23,1
DA:24,1
DA:27,1
DA:30,1
DA:32,0
DA:36,0
DA:39,1
DA:41,0
DA:45,0
DA:48,1
DA:49,0
DA:53,0
DA:56,1
DA:57,0
DA:61,0
DA:64,1
DA:65,0
DA:72,0
DA:75,1
DA:76,5
DA:77,1
DA:78,0
DA:79,0
DA:80,0
DA:81,0
DA:82,0
DA:83,1
DA:84,1
DA:85,1
DA:86,0
DA:88,1
LF:35
LH:19
BRDA:75,0,0,5
BRDA:76,1,0,1
BRDA:76,1,1,0
BRDA:76,1,2,0
BRDA:76,1,3,0
BRDA:76,1,4,0
BRDA:76,1,5,0
BRDA:76,1,6,1
BRDA:76,1,7,1
BRDA:76,1,8,1
BRDA:76,1,9,0
BRDA:76,1,10,1
BRF:12
BRH:6
end_of_record
TN:
SF:/home/primayudha/Documents/Hacktiv8/Dofin/Dofin/src/reducers/incomeReducer.js
FN:3,(anonymous_0)
FNF:1
FNH:1
FNDA:3,(anonymous_0)
DA:3,1
DA:4,3
DA:5,1
DA:6,1
DA:7,1
LF:5
LH:5
BRDA:3,0,0,3
BRDA:4,1,0,1
BRDA:4,1,1,1
BRDA:4,1,2,1
BRF:4
BRH:4
end_of_record
TN:
SF:/home/primayudha/Documents/Hacktiv8/Dofin/Dofin/src/reducers/notificationReducer.js
FN:3,(anonymous_0)
FNF:1
FNH:1
FNDA:7,(anonymous_0)
DA:3,2
DA:4,7
DA:5,1
DA:6,1
DA:7,5
LF:5
LH:5
BRDA:3,0,0,7
BRDA:4,1,0,1
BRDA:4,1,1,1
BRDA:4,1,2,5
BRF:4
BRH:4
end_of_record
TN:
SF:/home/primayudha/Documents/Hacktiv8/Dofin/Dofin/src/reducers/placesReducers.js
FN:3,(anonymous_0)
FN:4,(anonymous_1)
FN:11,(anonymous_2)
FNF:3
FNH:1
FNDA:0,(anonymous_0)
FNDA:0,(anonymous_1)
FNDA:1,(anonymous_2)
DA:3,1
DA:4,0
DA:7,0
DA:8,0
DA:11,1
DA:12,1
DA:13,0
DA:14,1
LF:8
LH:4
BRDA:3,0,0,0
BRDA:11,1,0,1
BRDA:12,2,0,0
BRDA:12,2,1,1
BRF:4
BRH:2
end_of_record
