TN:
SF:/home/primayudha/Documents/Hacktiv8/Dofin/Dofin/src/components/Dashboard.js
FN:13,(anonymous_0)
FN:31,(anonymous_1)
FN:43,(anonymous_2)
FN:55,(anonymous_3)
FN:58,(anonymous_4)
FN:66,(anonymous_5)
FN:70,(anonymous_6)
FNF:7
FNH:6
FNDA:1,(anonymous_0)
FNDA:1,(anonymous_1)
FNDA:1,(anonymous_2)
FNDA:1,(anonymous_3)
FNDA:0,(anonymous_4)
FNDA:6,(anonymous_5)
FNDA:6,(anonymous_6)
DA:14,1
DA:32,1
DA:44,1
DA:56,1
DA:58,0
DA:67,6
DA:71,6
DA:82,1
LF:8
LH:7
BRF:0
BRH:0
end_of_record
TN:
SF:/home/primayudha/Documents/Hacktiv8/Dofin/Dofin/src/components/FormInputDreams.js
FN:9,(anonymous_0)
FN:13,(anonymous_1)
FN:16,(anonymous_2)
FN:22,(anonymous_3)
FNF:4
FNH:4
FNDA:4,(anonymous_0)
FNDA:1,(anonymous_1)
FNDA:4,(anonymous_2)
FNDA:1,(anonymous_3)
DA:10,4
DA:11,4
DA:14,1
DA:17,4
DA:22,1
LF:5
LH:5
BRF:0
BRH:0
end_of_record
TN:
SF:/home/primayudha/Documents/Hacktiv8/Dofin/Dofin/src/components/IncomeForm.js
FN:11,(anonymous_0)
FN:15,(anonymous_1)
FN:21,(anonymous_2)
FNF:3
FNH:3
FNDA:1,(anonymous_0)
FNDA:1,(anonymous_1)
FNDA:1,(anonymous_2)
DA:12,1
DA:16,1
DA:21,1
LF:3
LH:3
BRF:0
BRH:0
end_of_record
TN:
SF:/home/primayudha/Documents/Hacktiv8/Dofin/Dofin/src/components/NonReceiptForm.js
FN:11,(anonymous_0)
FN:15,(anonymous_1)
FN:20,(anonymous_2)
FNF:3
FNH:3
FNDA:1,(anonymous_0)
FNDA:1,(anonymous_1)
FNDA:1,(anonymous_2)
DA:12,1
DA:16,1
DA:20,1
LF:3
LH:3
BRF:0
BRH:0
end_of_record
TN:
SF:/home/primayudha/Documents/Hacktiv8/Dofin/Dofin/src/components/Notifications.js
FN:12,(anonymous_0)
FN:24,(anonymous_1)
FN:36,(anonymous_2)
FN:44,(anonymous_3)
FNF:4
FNH:4
FNDA:2,(anonymous_0)
FNDA:2,(anonymous_1)
FNDA:7,(anonymous_2)
FNDA:8,(anonymous_3)
DA:13,2
DA:25,2
DA:37,7
DA:38,7
DA:45,8
DA:60,2
LF:6
LH:6
BRDA:49,0,0,8
BRDA:49,0,1,1
BRF:2
BRH:2
end_of_record
TN:
SF:/home/primayudha/Documents/Hacktiv8/Dofin/Dofin/src/components/Settings.js
FN:12,(anonymous_0)
FN:24,(anonymous_1)
FN:39,(anonymous_2)
FN:43,(anonymous_3)
FNF:4
FNH:4
FNDA:1,(anonymous_0)
FNDA:3,(anonymous_1)
FNDA:5,(anonymous_2)
FNDA:5,(anonymous_3)
DA:13,1
DA:25,3
DA:40,5
DA:44,5
DA:55,1
LF:5
LH:5
BRF:0
BRH:0
end_of_record
TN:
SF:/home/primayudha/Documents/Hacktiv8/Dofin/Dofin/src/components/SignUpForm.js
FN:11,(anonymous_0)
FN:15,(anonymous_1)
FN:20,(anonymous_2)
FNF:3
FNH:3
FNDA:1,(anonymous_0)
FNDA:1,(anonymous_1)
FNDA:1,(anonymous_2)
DA:12,1
DA:16,1
DA:20,1
LF:3
LH:3
BRF:0
BRH:0
end_of_record
